---------------------------------------------------------------
[ 2017-08-21T16:48:35+08:00 ] ::1 ::1 GET /fastadmin/public/index.php/admin/ajax/wipecache?_=1503305269902
[ info ] localhost/fastadmin/public/index.php/admin/ajax/wipecache?_=1503305269902 [运行时间：0.137008s][吞吐率：7.30req/s] [内存消耗：2,527.07kb] [文件加载：70]
[ info ] [ BEHAVIOR ] Run Closure @app_init [ RunTime:0.000000s ]
[ info ] [ CACHE ] INIT File
[ info ] [ BEHAVIOR ] Run Closure @app_init [ RunTime:0.005000s ]
[ info ] [ LANG ] D:\www\htdocs\fastadmin\thinkphp\lang\zh-cn.php
[ info ] [ ROUTE ] array (
  'type' => 'module',
  'module' => 
  array (
    0 => 'admin',
    1 => 'ajax',
    2 => 'wipecache',
  ),
)
[ info ] [ HEADER ] array (
  'host' => 'localhost',
  'connection' => 'keep-alive',
  'accept' => 'application/json, text/javascript, */*; q=0.01',
  'x-requested-with' => 'XMLHttpRequest',
  'user-agent' => 'Mozilla/5.0 (Windows NT 6.1; WOW64) AppleWebKit/537.36 (KHTML, like Gecko) Chrome/50.0.2661.102 Safari/537.36',
  'referer' => 'http://localhost/fastadmin/public/index.php/admin/dashboard?ref=addtabs',
  'accept-encoding' => 'gzip, deflate, sdch',
  'accept-language' => 'zh-CN,zh;q=0.8,en;q=0.6',
  'cookie' => 'PHPSESSID=dpierp6mkmq9vpejmqc7hsqfq6; keeplogin=1%7C86400%7C1503391541%7C6d77141f6ce9eeffb7b378c78dbe0972; Hm_lvt_f8d0a8c400404989e195270b0bbf060a=1503305287; Hm_lpvt_f8d0a8c400404989e195270b0bbf060a=1503305303',
)
[ info ] [ PARAM ] array (
  '_' => '1503305269902',
)
[ info ] [ LANG ] D:\www\htdocs\fastadmin\public/../application/admin\lang\zh-cn.php
[ info ] [ BEHAVIOR ] Run app\common\behavior\Common @module_init [ RunTime:0.000000s ]
[ info ] [ SESSION ] INIT array (
  'id' => '',
  'var_session_id' => '',
  'prefix' => 'think',
  'type' => '',
  'auto_start' => true,
)
[ info ] [ RUN ] app\admin\controller\Ajax->wipecache[ D:\www\htdocs\fastadmin\application\admin\controller\Ajax.php ]
[ info ] [ BEHAVIOR ] Run app\admin\behavior\AdminLog @app_end [ RunTime:0.000000s ]
[ info ] [ LOG ] INIT File
---------------------------------------------------------------
[ 2017-08-21T16:48:42+08:00 ] ::1 ::1 GET /fastadmin/public/index.php/admin/dashboard?ref=addtabs&lang=en
[ info ] localhost/fastadmin/public/index.php/admin/dashboard?ref=addtabs&lang=en [运行时间：0.067004s][吞吐率：14.92req/s] [内存消耗：3,228.88kb] [文件加载：73]
[ info ] [ BEHAVIOR ] Run Closure @app_init [ RunTime:0.000000s ]
[ info ] [ CACHE ] INIT File
[ info ] [ BEHAVIOR ] Run Closure @app_init [ RunTime:0.003000s ]
[ info ] [ ROUTE ] array (
  'type' => 'module',
  'module' => 
  array (
    0 => 'admin',
    1 => 'dashboard',
    2 => NULL,
  ),
)
[ info ] [ HEADER ] array (
  'host' => 'localhost',
  'connection' => 'keep-alive',
  'accept' => 'text/html,application/xhtml+xml,application/xml;q=0.9,image/webp,*/*;q=0.8',
  'upgrade-insecure-requests' => '1',
  'user-agent' => 'Mozilla/5.0 (Windows NT 6.1; WOW64) AppleWebKit/537.36 (KHTML, like Gecko) Chrome/50.0.2661.102 Safari/537.36',
  'referer' => 'http://localhost/fastadmin/public/index.php/admin/dashboard?ref=addtabs',
  'accept-encoding' => 'gzip, deflate, sdch',
  'accept-language' => 'zh-CN,zh;q=0.8,en;q=0.6',
  'cookie' => 'PHPSESSID=dpierp6mkmq9vpejmqc7hsqfq6; keeplogin=1%7C86400%7C1503391541%7C6d77141f6ce9eeffb7b378c78dbe0972; Hm_lvt_f8d0a8c400404989e195270b0bbf060a=1503305287; Hm_lpvt_f8d0a8c400404989e195270b0bbf060a=1503305303',
)
[ info ] [ PARAM ] array (
  'ref' => 'addtabs',
  'lang' => 'en',
)
[ info ] [ BEHAVIOR ] Run app\common\behavior\Common @module_init [ RunTime:0.001000s ]
[ info ] [ SESSION ] INIT array (
  'id' => '',
  'var_session_id' => '',
  'prefix' => 'think',
  'type' => '',
  'auto_start' => true,
)
[ info ] [ DB ] INIT mysql
[ info ] [ BEHAVIOR ] Run app\admin\behavior\AdminLog @app_end [ RunTime:0.000000s ]
[ info ] [ LOG ] INIT File
[ sql ] [ DB ] CONNECT:[ UseTime:0.001000s ] mysql:dbname=fastadmin;host=localhost;charset=utf8
[ sql ] [ SQL ] SHOW COLUMNS FROM `fa_auth_group_access` [ RunTime:0.006000s ]
[ sql ] [ SQL ] SELECT `AuthGroupAccess`.`uid`,`AuthGroupAccess`.`group_id`,`AuthGroup`.`id`,`AuthGroup`.`pid`,`AuthGroup`.`name`,`AuthGroup`.`rules` FROM `fa_auth_group_access` `AuthGroupAccess` LEFT JOIN `fa_auth_group` `AuthGroup` ON `AuthGroupAccess`.`group_id`=`AuthGroup`.`id` WHERE  (  AuthGroupAccess.uid='1' and AuthGroup.status='normal' ) [ RunTime:0.000000s ]
[ sql ] [ SQL ] SHOW COLUMNS FROM `fa_auth_rule` [ RunTime:0.007001s ]
[ sql ] [ SQL ] SELECT `id`,`pid`,`condition`,`icon`,`name`,`title`,`ismenu` FROM `fa_auth_rule` WHERE  `status` = 'normal' [ RunTime:0.001000s ]
---------------------------------------------------------------
[ 2017-08-21T16:48:42+08:00 ] ::1 ::1 GET /fastadmin/public/index.php/admin/index/index
[ info ] localhost/fastadmin/public/index.php/admin/index/index [运行时间：0.118007s][吞吐率：8.47req/s] [内存消耗：3,658.68kb] [文件加载：83]
[ info ] [ BEHAVIOR ] Run Closure @app_init [ RunTime:0.000000s ]
[ info ] [ CACHE ] INIT File
[ info ] [ BEHAVIOR ] Run Closure @app_init [ RunTime:0.003000s ]
[ info ] [ LANG ] D:\www\htdocs\fastadmin\thinkphp\lang\zh-cn.php
[ info ] [ ROUTE ] array (
  'type' => 'module',
  'module' => 
  array (
    0 => 'admin',
    1 => 'index',
    2 => 'index',
  ),
)
[ info ] [ HEADER ] array (
  'host' => 'localhost',
  'connection' => 'keep-alive',
  'accept' => 'text/html,application/xhtml+xml,application/xml;q=0.9,image/webp,*/*;q=0.8',
  'upgrade-insecure-requests' => '1',
  'user-agent' => 'Mozilla/5.0 (Windows NT 6.1; WOW64) AppleWebKit/537.36 (KHTML, like Gecko) Chrome/50.0.2661.102 Safari/537.36',
  'referer' => 'http://localhost/fastadmin/public/index.php/admin/dashboard?ref=addtabs',
  'accept-encoding' => 'gzip, deflate, sdch',
  'accept-language' => 'zh-CN,zh;q=0.8,en;q=0.6',
  'cookie' => 'PHPSESSID=dpierp6mkmq9vpejmqc7hsqfq6; keeplogin=1%7C86400%7C1503391541%7C6d77141f6ce9eeffb7b378c78dbe0972; Hm_lvt_f8d0a8c400404989e195270b0bbf060a=1503305287; Hm_lpvt_f8d0a8c400404989e195270b0bbf060a=1503305303',
)
[ info ] [ PARAM ] array (
)
[ info ] [ LANG ] D:\www\htdocs\fastadmin\public/../application/admin\lang\zh-cn.php
[ info ] [ BEHAVIOR ] Run app\common\behavior\Common @module_init [ RunTime:0.000000s ]
[ info ] [ SESSION ] INIT array (
  'id' => '',
  'var_session_id' => '',
  'prefix' => 'think',
  'type' => '',
  'auto_start' => true,
)
[ info ] [ LANG ] D:\www\htdocs\fastadmin\public/../application/admin/lang/zh-cn/index.php
[ info ] [ RUN ] app\admin\controller\Index->index[ D:\www\htdocs\fastadmin\application\admin\controller\Index.php ]
[ info ] [ DB ] INIT mysql
[ info ] [ VIEW ] D:\www\htdocs\fastadmin\public/../application/admin\view\index\index.html [ array (
  0 => 'breadcrumb',
  1 => 'site',
  2 => 'config',
  3 => 'admin',
  4 => 'menulist',
  5 => 'title',
) ]
[ info ] [ BEHAVIOR ] Run app\admin\behavior\AdminLog @app_end [ RunTime:0.000000s ]
[ info ] [ LOG ] INIT File
[ sql ] [ DB ] CONNECT:[ UseTime:0.011001s ] mysql:dbname=fastadmin;host=localhost;charset=utf8
[ sql ] [ SQL ] SHOW COLUMNS FROM `fa_auth_group_access` [ RunTime:0.005000s ]
[ sql ] [ SQL ] SELECT `AuthGroupAccess`.`uid`,`AuthGroupAccess`.`group_id`,`AuthGroup`.`id`,`AuthGroup`.`pid`,`AuthGroup`.`name`,`AuthGroup`.`rules` FROM `fa_auth_group_access` `AuthGroupAccess` LEFT JOIN `fa_auth_group` `AuthGroup` ON `AuthGroupAccess`.`group_id`=`AuthGroup`.`id` WHERE  (  AuthGroupAccess.uid='1' and AuthGroup.status='normal' ) [ RunTime:0.001000s ]
[ sql ] [ SQL ] SHOW COLUMNS FROM `fa_auth_rule` [ RunTime:0.012001s ]
[ sql ] [ SQL ] SELECT `id`,`pid`,`condition`,`icon`,`name`,`title`,`ismenu` FROM `fa_auth_rule` WHERE  `status` = 'normal' [ RunTime:0.001000s ]
[ sql ] [ SQL ] SELECT * FROM `fa_auth_rule` WHERE  `ismenu` = 1 ORDER BY `weigh`  desc [ RunTime:0.001000s ]
---------------------------------------------------------------
[ 2017-08-21T16:48:42+08:00 ] ::1 ::1 GET /fastadmin/public/index.php/admin/ajax/lang?callback=define&controllername=index&v=1503305322
[ info ] localhost/fastadmin/public/index.php/admin/ajax/lang?callback=define&controllername=index&v=1503305322 [运行时间：0.038002s][吞吐率：26.31req/s] [内存消耗：2,518.48kb] [文件加载：69]
[ info ] [ BEHAVIOR ] Run Closure @app_init [ RunTime:0.000000s ]
[ info ] [ CACHE ] INIT File
[ info ] [ BEHAVIOR ] Run Closure @app_init [ RunTime:0.002000s ]
[ info ] [ LANG ] D:\www\htdocs\fastadmin\thinkphp\lang\zh-cn.php
[ info ] [ ROUTE ] array (
  'type' => 'module',
  'module' => 
  array (
    0 => 'admin',
    1 => 'ajax',
    2 => 'lang',
  ),
)
[ info ] [ HEADER ] array (
  'host' => 'localhost',
  'connection' => 'keep-alive',
  'accept' => '*/*',
  'user-agent' => 'Mozilla/5.0 (Windows NT 6.1; WOW64) AppleWebKit/537.36 (KHTML, like Gecko) Chrome/50.0.2661.102 Safari/537.36',
  'referer' => 'http://localhost/fastadmin/public/index.php/admin/index/index',
  'accept-encoding' => 'gzip, deflate, sdch',
  'accept-language' => 'zh-CN,zh;q=0.8,en;q=0.6',
  'cookie' => 'PHPSESSID=dpierp6mkmq9vpejmqc7hsqfq6; keeplogin=1%7C86400%7C1503391541%7C6d77141f6ce9eeffb7b378c78dbe0972; Hm_lvt_f8d0a8c400404989e195270b0bbf060a=1503305287; Hm_lpvt_f8d0a8c400404989e195270b0bbf060a=1503305303',
)
[ info ] [ PARAM ] array (
  'callback' => 'define',
  'controllername' => 'index',
  'v' => '1503305322',
)
[ info ] [ LANG ] D:\www\htdocs\fastadmin\public/../application/admin\lang\zh-cn.php
[ info ] [ BEHAVIOR ] Run app\common\behavior\Common @module_init [ RunTime:0.000000s ]
[ info ] [ SESSION ] INIT array (
  'id' => '',
  'var_session_id' => '',
  'prefix' => 'think',
  'type' => '',
  'auto_start' => true,
)
[ info ] [ RUN ] app\admin\controller\Ajax->lang[ D:\www\htdocs\fastadmin\application\admin\controller\Ajax.php ]
[ info ] [ LANG ] D:\www\htdocs\fastadmin\public/../application/admin/lang/zh-cn/index.php
[ info ] [ BEHAVIOR ] Run app\admin\behavior\AdminLog @app_end [ RunTime:0.000000s ]
[ info ] [ LOG ] INIT File
---------------------------------------------------------------
[ 2017-08-21T16:48:43+08:00 ] ::1 ::1 GET /fastadmin/public/index.php/admin/dashboard?addtabs=1
[ info ] localhost/fastadmin/public/index.php/admin/dashboard?addtabs=1 [运行时间：0.067003s][吞吐率：14.92req/s] [内存消耗：3,590.27kb] [文件加载：79]
[ info ] [ BEHAVIOR ] Run Closure @app_init [ RunTime:0.000000s ]
[ info ] [ CACHE ] INIT File
[ info ] [ BEHAVIOR ] Run Closure @app_init [ RunTime:0.003000s ]
[ info ] [ LANG ] D:\www\htdocs\fastadmin\thinkphp\lang\zh-cn.php
[ info ] [ ROUTE ] array (
  'type' => 'module',
  'module' => 
  array (
    0 => 'admin',
    1 => 'dashboard',
    2 => NULL,
  ),
)
[ info ] [ HEADER ] array (
  'host' => 'localhost',
  'connection' => 'keep-alive',
  'accept' => 'text/html,application/xhtml+xml,application/xml;q=0.9,image/webp,*/*;q=0.8',
  'upgrade-insecure-requests' => '1',
  'user-agent' => 'Mozilla/5.0 (Windows NT 6.1; WOW64) AppleWebKit/537.36 (KHTML, like Gecko) Chrome/50.0.2661.102 Safari/537.36',
  'referer' => 'http://localhost/fastadmin/public/index.php/admin/dashboard?ref=addtabs',
  'accept-encoding' => 'gzip, deflate, sdch',
  'accept-language' => 'zh-CN,zh;q=0.8,en;q=0.6',
  'cookie' => 'PHPSESSID=dpierp6mkmq9vpejmqc7hsqfq6; keeplogin=1%7C86400%7C1503391541%7C6d77141f6ce9eeffb7b378c78dbe0972; Hm_lvt_f8d0a8c400404989e195270b0bbf060a=1503305287; Hm_lpvt_f8d0a8c400404989e195270b0bbf060a=1503305303',
)
[ info ] [ PARAM ] array (
  'addtabs' => '1',
)
[ info ] [ LANG ] D:\www\htdocs\fastadmin\public/../application/admin\lang\zh-cn.php
[ info ] [ BEHAVIOR ] Run app\common\behavior\Common @module_init [ RunTime:0.000000s ]
[ info ] [ SESSION ] INIT array (
  'id' => '',
  'var_session_id' => '',
  'prefix' => 'think',
  'type' => '',
  'auto_start' => true,
)
[ info ] [ DB ] INIT mysql
[ info ] [ RUN ] app\admin\controller\Dashboard->index[ D:\www\htdocs\fastadmin\application\admin\controller\Dashboard.php ]
[ info ] [ VIEW ] D:\www\htdocs\fastadmin\public/../application/admin\view\dashboard\index.html [ array (
  0 => 'breadcrumb',
  1 => 'site',
  2 => 'config',
  3 => 'admin',
  4 => 'totaluser',
  5 => 'totalviews',
  6 => 'totalorder',
  7 => 'totalorderamount',
  8 => 'todayuserlogin',
  9 => 'todayusersignup',
  10 => 'todayorder',
  11 => 'todayunsettleorder',
  12 => 'sevendnu',
  13 => 'sevendau',
  14 => 'paylist',
  15 => 'createlist',
) ]
[ info ] [ BEHAVIOR ] Run app\admin\behavior\AdminLog @app_end [ RunTime:0.000000s ]
[ info ] [ LOG ] INIT File
[ sql ] [ DB ] CONNECT:[ UseTime:0.001000s ] mysql:dbname=fastadmin;host=localhost;charset=utf8
[ sql ] [ SQL ] SHOW COLUMNS FROM `fa_auth_group_access` [ RunTime:0.006001s ]
[ sql ] [ SQL ] SELECT `AuthGroupAccess`.`uid`,`AuthGroupAccess`.`group_id`,`AuthGroup`.`id`,`AuthGroup`.`pid`,`AuthGroup`.`name`,`AuthGroup`.`rules` FROM `fa_auth_group_access` `AuthGroupAccess` LEFT JOIN `fa_auth_group` `AuthGroup` ON `AuthGroupAccess`.`group_id`=`AuthGroup`.`id` WHERE  (  AuthGroupAccess.uid='1' and AuthGroup.status='normal' ) [ RunTime:0.000000s ]
[ sql ] [ SQL ] SHOW COLUMNS FROM `fa_auth_rule` [ RunTime:0.004000s ]
[ sql ] [ SQL ] SELECT `id`,`pid`,`condition`,`icon`,`name`,`title`,`ismenu` FROM `fa_auth_rule` WHERE  `status` = 'normal' [ RunTime:0.001000s ]
---------------------------------------------------------------
[ 2017-08-21T16:48:43+08:00 ] ::1 ::1 GET /fastadmin/public/index.php/admin/dashboard?lang=en&addtabs=1
[ info ] localhost/fastadmin/public/index.php/admin/dashboard?lang=en&addtabs=1 [运行时间：0.071004s][吞吐率：14.08req/s] [内存消耗：3,386.77kb] [文件加载：75]
[ info ] [ BEHAVIOR ] Run Closure @app_init [ RunTime:0.000000s ]
[ info ] [ CACHE ] INIT File
[ info ] [ BEHAVIOR ] Run Closure @app_init [ RunTime:0.002000s ]
[ info ] [ ROUTE ] array (
  'type' => 'module',
  'module' => 
  array (
    0 => 'admin',
    1 => 'dashboard',
    2 => NULL,
  ),
)
[ info ] [ HEADER ] array (
  'host' => 'localhost',
  'connection' => 'keep-alive',
  'accept' => 'text/html,application/xhtml+xml,application/xml;q=0.9,image/webp,*/*;q=0.8',
  'upgrade-insecure-requests' => '1',
  'user-agent' => 'Mozilla/5.0 (Windows NT 6.1; WOW64) AppleWebKit/537.36 (KHTML, like Gecko) Chrome/50.0.2661.102 Safari/537.36',
  'referer' => 'http://localhost/fastadmin/public/index.php/admin/dashboard?lang=en&ref=addtabs',
  'accept-encoding' => 'gzip, deflate, sdch',
  'accept-language' => 'zh-CN,zh;q=0.8,en;q=0.6',
  'cookie' => 'PHPSESSID=dpierp6mkmq9vpejmqc7hsqfq6; keeplogin=1%7C86400%7C1503391541%7C6d77141f6ce9eeffb7b378c78dbe0972; Hm_lvt_f8d0a8c400404989e195270b0bbf060a=1503305287; Hm_lpvt_f8d0a8c400404989e195270b0bbf060a=1503305303',
)
[ info ] [ PARAM ] array (
  'lang' => 'en',
  'addtabs' => '1',
)
[ info ] [ BEHAVIOR ] Run app\common\behavior\Common @module_init [ RunTime:0.000000s ]
[ info ] [ SESSION ] INIT array (
  'id' => '',
  'var_session_id' => '',
  'prefix' => 'think',
  'type' => '',
  'auto_start' => true,
)
[ info ] [ DB ] INIT mysql
[ info ] [ RUN ] app\admin\controller\Dashboard->index[ D:\www\htdocs\fastadmin\application\admin\controller\Dashboard.php ]
[ info ] [ VIEW ] D:\www\htdocs\fastadmin\public/../application/admin\view\dashboard\index.html [ array (
  0 => 'breadcrumb',
  1 => 'site',
  2 => 'config',
  3 => 'admin',
  4 => 'totaluser',
  5 => 'totalviews',
  6 => 'totalorder',
  7 => 'totalorderamount',
  8 => 'todayuserlogin',
  9 => 'todayusersignup',
  10 => 'todayorder',
  11 => 'todayunsettleorder',
  12 => 'sevendnu',
  13 => 'sevendau',
  14 => 'paylist',
  15 => 'createlist',
) ]
[ info ] [ BEHAVIOR ] Run app\admin\behavior\AdminLog @app_end [ RunTime:0.000000s ]
[ info ] [ LOG ] INIT File
[ sql ] [ DB ] CONNECT:[ UseTime:0.014000s ] mysql:dbname=fastadmin;host=localhost;charset=utf8
[ sql ] [ SQL ] SHOW COLUMNS FROM `fa_auth_group_access` [ RunTime:0.005001s ]
[ sql ] [ SQL ] SELECT `AuthGroupAccess`.`uid`,`AuthGroupAccess`.`group_id`,`AuthGroup`.`id`,`AuthGroup`.`pid`,`AuthGroup`.`name`,`AuthGroup`.`rules` FROM `fa_auth_group_access` `AuthGroupAccess` LEFT JOIN `fa_auth_group` `AuthGroup` ON `AuthGroupAccess`.`group_id`=`AuthGroup`.`id` WHERE  (  AuthGroupAccess.uid='1' and AuthGroup.status='normal' ) [ RunTime:0.001000s ]
[ sql ] [ SQL ] SHOW COLUMNS FROM `fa_auth_rule` [ RunTime:0.005000s ]
[ sql ] [ SQL ] SELECT `id`,`pid`,`condition`,`icon`,`name`,`title`,`ismenu` FROM `fa_auth_rule` WHERE  `status` = 'normal' [ RunTime:0.001000s ]
---------------------------------------------------------------
[ 2017-08-21T16:48:43+08:00 ] ::1 ::1 GET /fastadmin/public/index.php/admin/ajax/lang?callback=define&controllername=dashboard&v=1503305323
[ info ] localhost/fastadmin/public/index.php/admin/ajax/lang?callback=define&controllername=dashboard&v=1503305323 [运行时间：0.040002s][吞吐率：25.00req/s] [内存消耗：2,513.29kb] [文件加载：68]
[ info ] [ BEHAVIOR ] Run Closure @app_init [ RunTime:0.000000s ]
[ info ] [ CACHE ] INIT File
[ info ] [ BEHAVIOR ] Run Closure @app_init [ RunTime:0.003000s ]
[ info ] [ LANG ] D:\www\htdocs\fastadmin\thinkphp\lang\zh-cn.php
[ info ] [ ROUTE ] array (
  'type' => 'module',
  'module' => 
  array (
    0 => 'admin',
    1 => 'ajax',
    2 => 'lang',
  ),
)
[ info ] [ HEADER ] array (
  'host' => 'localhost',
  'connection' => 'keep-alive',
  'accept' => '*/*',
  'user-agent' => 'Mozilla/5.0 (Windows NT 6.1; WOW64) AppleWebKit/537.36 (KHTML, like Gecko) Chrome/50.0.2661.102 Safari/537.36',
  'referer' => 'http://localhost/fastadmin/public/index.php/admin/dashboard?lang=en&addtabs=1',
  'accept-encoding' => 'gzip, deflate, sdch',
  'accept-language' => 'zh-CN,zh;q=0.8,en;q=0.6',
  'cookie' => 'PHPSESSID=dpierp6mkmq9vpejmqc7hsqfq6; keeplogin=1%7C86400%7C1503391541%7C6d77141f6ce9eeffb7b378c78dbe0972; Hm_lvt_f8d0a8c400404989e195270b0bbf060a=1503305287; Hm_lpvt_f8d0a8c400404989e195270b0bbf060a=1503305303',
)
[ info ] [ PARAM ] array (
  'callback' => 'define',
  'controllername' => 'dashboard',
  'v' => '1503305323',
)
[ info ] [ LANG ] D:\www\htdocs\fastadmin\public/../application/admin\lang\zh-cn.php
[ info ] [ BEHAVIOR ] Run app\common\behavior\Common @module_init [ RunTime:0.000000s ]
[ info ] [ SESSION ] INIT array (
  'id' => '',
  'var_session_id' => '',
  'prefix' => 'think',
  'type' => '',
  'auto_start' => true,
)
[ info ] [ RUN ] app\admin\controller\Ajax->lang[ D:\www\htdocs\fastadmin\application\admin\controller\Ajax.php ]
[ info ] [ BEHAVIOR ] Run app\admin\behavior\AdminLog @app_end [ RunTime:0.001000s ]
[ info ] [ LOG ] INIT File
---------------------------------------------------------------
[ 2017-08-21T16:49:23+08:00 ] ::1 ::1 GET /fastadmin/public/index.php/admin/general/profile?addtabs=1
[ info ] localhost/fastadmin/public/index.php/admin/general/profile?addtabs=1 [运行时间：0.085005s][吞吐率：11.76req/s] [内存消耗：3,499.95kb] [文件加载：79]
[ info ] [ BEHAVIOR ] Run Closure @app_init [ RunTime:0.000000s ]
[ info ] [ CACHE ] INIT File
[ info ] [ BEHAVIOR ] Run Closure @app_init [ RunTime:0.003000s ]
[ info ] [ LANG ] D:\www\htdocs\fastadmin\thinkphp\lang\zh-cn.php
[ info ] [ ROUTE ] array (
  'type' => 'module',
  'module' => 
  array (
    0 => 'admin',
    1 => 'general.profile',
    2 => NULL,
  ),
)
[ info ] [ HEADER ] array (
  'host' => 'localhost',
  'connection' => 'keep-alive',
  'accept' => 'text/html,application/xhtml+xml,application/xml;q=0.9,image/webp,*/*;q=0.8',
  'upgrade-insecure-requests' => '1',
  'user-agent' => 'Mozilla/5.0 (Windows NT 6.1; WOW64) AppleWebKit/537.36 (KHTML, like Gecko) Chrome/50.0.2661.102 Safari/537.36',
  'referer' => 'http://localhost/fastadmin/public/index.php/admin/general/profile?ref=addtabs',
  'accept-encoding' => 'gzip, deflate, sdch',
  'accept-language' => 'zh-CN,zh;q=0.8,en;q=0.6',
  'cookie' => 'PHPSESSID=dpierp6mkmq9vpejmqc7hsqfq6; keeplogin=1%7C86400%7C1503391541%7C6d77141f6ce9eeffb7b378c78dbe0972; Hm_lvt_f8d0a8c400404989e195270b0bbf060a=1503305287; Hm_lpvt_f8d0a8c400404989e195270b0bbf060a=1503305303',
)
[ info ] [ PARAM ] array (
  'addtabs' => '1',
)
[ info ] [ LANG ] D:\www\htdocs\fastadmin\public/../application/admin\lang\zh-cn.php
[ info ] [ BEHAVIOR ] Run app\common\behavior\Common @module_init [ RunTime:0.000000s ]
[ info ] [ SESSION ] INIT array (
  'id' => '',
  'var_session_id' => '',
  'prefix' => 'think',
  'type' => '',
  'auto_start' => true,
)
[ info ] [ DB ] INIT mysql
[ info ] [ LANG ] D:\www\htdocs\fastadmin\public/../application/admin/lang/zh-cn/general/profile.php
[ info ] [ RUN ] app\admin\controller\general\Profile->index[ D:\www\htdocs\fastadmin\application\admin\controller\general\Profile.php ]
[ info ] [ VIEW ] D:\www\htdocs\fastadmin\public/../application/admin\view\general\profile\index.html [ array (
  0 => 'breadcrumb',
  1 => 'site',
  2 => 'config',
  3 => 'admin',
) ]
[ info ] [ BEHAVIOR ] Run app\admin\behavior\AdminLog @app_end [ RunTime:0.000000s ]
[ info ] [ LOG ] INIT File
[ sql ] [ DB ] CONNECT:[ UseTime:0.011001s ] mysql:dbname=fastadmin;host=localhost;charset=utf8
[ sql ] [ SQL ] SHOW COLUMNS FROM `fa_auth_group_access` [ RunTime:0.004000s ]
[ sql ] [ SQL ] SELECT `AuthGroupAccess`.`uid`,`AuthGroupAccess`.`group_id`,`AuthGroup`.`id`,`AuthGroup`.`pid`,`AuthGroup`.`name`,`AuthGroup`.`rules` FROM `fa_auth_group_access` `AuthGroupAccess` LEFT JOIN `fa_auth_group` `AuthGroup` ON `AuthGroupAccess`.`group_id`=`AuthGroup`.`id` WHERE  (  AuthGroupAccess.uid='1' and AuthGroup.status='normal' ) [ RunTime:0.000000s ]
[ sql ] [ SQL ] SHOW COLUMNS FROM `fa_auth_rule` [ RunTime:0.004000s ]
[ sql ] [ SQL ] SELECT `id`,`pid`,`condition`,`icon`,`name`,`title`,`ismenu` FROM `fa_auth_rule` WHERE  `status` = 'normal' [ RunTime:0.000000s ]
---------------------------------------------------------------
[ 2017-08-21T16:49:23+08:00 ] ::1 ::1 GET /fastadmin/public/index.php/admin/ajax/lang?callback=define&controllername=general.profile&v=1503305363
[ info ] localhost/fastadmin/public/index.php/admin/ajax/lang?callback=define&controllername=general.profile&v=1503305363 [运行时间：0.048003s][吞吐率：20.83req/s] [内存消耗：2,514.63kb] [文件加载：69]
[ info ] [ BEHAVIOR ] Run Closure @app_init [ RunTime:0.000000s ]
[ info ] [ CACHE ] INIT File
[ info ] [ BEHAVIOR ] Run Closure @app_init [ RunTime:0.002000s ]
[ info ] [ LANG ] D:\www\htdocs\fastadmin\thinkphp\lang\zh-cn.php
[ info ] [ ROUTE ] array (
  'type' => 'module',
  'module' => 
  array (
    0 => 'admin',
    1 => 'ajax',
    2 => 'lang',
  ),
)
[ info ] [ HEADER ] array (
  'host' => 'localhost',
  'connection' => 'keep-alive',
  'accept' => '*/*',
  'user-agent' => 'Mozilla/5.0 (Windows NT 6.1; WOW64) AppleWebKit/537.36 (KHTML, like Gecko) Chrome/50.0.2661.102 Safari/537.36',
  'referer' => 'http://localhost/fastadmin/public/index.php/admin/general/profile?addtabs=1',
  'accept-encoding' => 'gzip, deflate, sdch',
  'accept-language' => 'zh-CN,zh;q=0.8,en;q=0.6',
  'cookie' => 'PHPSESSID=dpierp6mkmq9vpejmqc7hsqfq6; keeplogin=1%7C86400%7C1503391541%7C6d77141f6ce9eeffb7b378c78dbe0972; Hm_lvt_f8d0a8c400404989e195270b0bbf060a=1503305287; Hm_lpvt_f8d0a8c400404989e195270b0bbf060a=1503305303',
)
[ info ] [ PARAM ] array (
  'callback' => 'define',
  'controllername' => 'general.profile',
  'v' => '1503305363',
)
[ info ] [ LANG ] D:\www\htdocs\fastadmin\public/../application/admin\lang\zh-cn.php
[ info ] [ BEHAVIOR ] Run app\common\behavior\Common @module_init [ RunTime:0.000000s ]
[ info ] [ SESSION ] INIT array (
  'id' => '',
  'var_session_id' => '',
  'prefix' => 'think',
  'type' => '',
  'auto_start' => true,
)
[ info ] [ RUN ] app\admin\controller\Ajax->lang[ D:\www\htdocs\fastadmin\application\admin\controller\Ajax.php ]
[ info ] [ LANG ] D:\www\htdocs\fastadmin\public/../application/admin/lang/zh-cn/general/profile.php
[ info ] [ BEHAVIOR ] Run app\admin\behavior\AdminLog @app_end [ RunTime:0.001000s ]
[ info ] [ LOG ] INIT File
---------------------------------------------------------------
[ 2017-08-21T16:49:24+08:00 ] ::1 ::1 GET /fastadmin/public/index.php/admin/general/profile/index?sort=id&order=desc&offset=0&limit=10&_=1503305363473
[ info ] localhost/fastadmin/public/index.php/admin/general/profile/index?sort=id&order=desc&offset=0&limit=10&_=1503305363473 [运行时间：0.089005s][吞吐率：11.24req/s] [内存消耗：3,386.32kb] [文件加载：78]
[ info ] [ BEHAVIOR ] Run Closure @app_init [ RunTime:0.001000s ]
[ info ] [ CACHE ] INIT File
[ info ] [ BEHAVIOR ] Run Closure @app_init [ RunTime:0.002000s ]
[ info ] [ LANG ] D:\www\htdocs\fastadmin\thinkphp\lang\zh-cn.php
[ info ] [ ROUTE ] array (
  'type' => 'module',
  'module' => 
  array (
    0 => 'admin',
    1 => 'general.profile',
    2 => 'index',
  ),
)
[ info ] [ HEADER ] array (
  'host' => 'localhost',
  'connection' => 'keep-alive',
  'accept' => 'application/json, text/javascript, */*; q=0.01',
  'x-requested-with' => 'XMLHttpRequest',
  'user-agent' => 'Mozilla/5.0 (Windows NT 6.1; WOW64) AppleWebKit/537.36 (KHTML, like Gecko) Chrome/50.0.2661.102 Safari/537.36',
  'content-type' => 'application/json',
  'referer' => 'http://localhost/fastadmin/public/index.php/admin/general/profile?addtabs=1',
  'accept-encoding' => 'gzip, deflate, sdch',
  'accept-language' => 'zh-CN,zh;q=0.8,en;q=0.6',
  'cookie' => 'PHPSESSID=dpierp6mkmq9vpejmqc7hsqfq6; keeplogin=1%7C86400%7C1503391541%7C6d77141f6ce9eeffb7b378c78dbe0972; Hm_lvt_f8d0a8c400404989e195270b0bbf060a=1503305287; Hm_lpvt_f8d0a8c400404989e195270b0bbf060a=1503305303',
)
[ info ] [ PARAM ] array (
  'sort' => 'id',
  'order' => 'desc',
  'offset' => '0',
  'limit' => '10',
  '_' => '1503305363473',
)
[ info ] [ LANG ] D:\www\htdocs\fastadmin\public/../application/admin\lang\zh-cn.php
[ info ] [ BEHAVIOR ] Run app\common\behavior\Common @module_init [ RunTime:0.000000s ]
[ info ] [ SESSION ] INIT array (
  'id' => '',
  'var_session_id' => '',
  'prefix' => 'think',
  'type' => '',
  'auto_start' => true,
)
[ info ] [ DB ] INIT mysql
[ info ] [ LANG ] D:\www\htdocs\fastadmin\public/../application/admin/lang/zh-cn/general/profile.php
[ info ] [ RUN ] app\admin\controller\general\Profile->index[ D:\www\htdocs\fastadmin\application\admin\controller\general\Profile.php ]
[ info ] [ BEHAVIOR ] Run app\admin\behavior\AdminLog @app_end [ RunTime:0.001000s ]
[ info ] [ LOG ] INIT File
[ sql ] [ DB ] CONNECT:[ UseTime:0.001000s ] mysql:dbname=fastadmin;host=localhost;charset=utf8
[ sql ] [ SQL ] SHOW COLUMNS FROM `fa_auth_group_access` [ RunTime:0.010001s ]
[ sql ] [ SQL ] SELECT `AuthGroupAccess`.`uid`,`AuthGroupAccess`.`group_id`,`AuthGroup`.`id`,`AuthGroup`.`pid`,`AuthGroup`.`name`,`AuthGroup`.`rules` FROM `fa_auth_group_access` `AuthGroupAccess` LEFT JOIN `fa_auth_group` `AuthGroup` ON `AuthGroupAccess`.`group_id`=`AuthGroup`.`id` WHERE  (  AuthGroupAccess.uid='1' and AuthGroup.status='normal' ) [ RunTime:0.000000s ]
[ sql ] [ SQL ] SHOW COLUMNS FROM `fa_auth_rule` [ RunTime:0.008000s ]
[ sql ] [ SQL ] SELECT `id`,`pid`,`condition`,`icon`,`name`,`title`,`ismenu` FROM `fa_auth_rule` WHERE  `status` = 'normal' [ RunTime:0.001000s ]
[ sql ] [ SQL ] SHOW COLUMNS FROM `fa_admin_log` [ RunTime:0.005000s ]
[ sql ] [ SQL ] SELECT COUNT(*) AS tp_count FROM `fa_admin_log` WHERE  `admin_id` = 1 ORDER BY `id`  desc LIMIT 1 [ RunTime:0.000000s ]
[ sql ] [ SQL ] SELECT * FROM `fa_admin_log` WHERE  `admin_id` = 1 ORDER BY `id`  desc LIMIT 0,10 [ RunTime:0.000000s ]
---------------------------------------------------------------
[ 2017-08-21T16:49:29+08:00 ] ::1 ::1 GET /fastadmin/public/index.php/admin/general/profile/index?sort=id&order=desc&offset=0&limit=10&_=1503305363474
[ info ] localhost/fastadmin/public/index.php/admin/general/profile/index?sort=id&order=desc&offset=0&limit=10&_=1503305363474 [运行时间：0.092006s][吞吐率：10.87req/s] [内存消耗：3,386.32kb] [文件加载：78]
[ info ] [ BEHAVIOR ] Run Closure @app_init [ RunTime:0.000000s ]
[ info ] [ CACHE ] INIT File
[ info ] [ BEHAVIOR ] Run Closure @app_init [ RunTime:0.002000s ]
[ info ] [ LANG ] D:\www\htdocs\fastadmin\thinkphp\lang\zh-cn.php
[ info ] [ ROUTE ] array (
  'type' => 'module',
  'module' => 
  array (
    0 => 'admin',
    1 => 'general.profile',
    2 => 'index',
  ),
)
[ info ] [ HEADER ] array (
  'host' => 'localhost',
  'connection' => 'keep-alive',
  'accept' => 'application/json, text/javascript, */*; q=0.01',
  'x-requested-with' => 'XMLHttpRequest',
  'user-agent' => 'Mozilla/5.0 (Windows NT 6.1; WOW64) AppleWebKit/537.36 (KHTML, like Gecko) Chrome/50.0.2661.102 Safari/537.36',
  'content-type' => 'application/json',
  'referer' => 'http://localhost/fastadmin/public/index.php/admin/general/profile?addtabs=1',
  'accept-encoding' => 'gzip, deflate, sdch',
  'accept-language' => 'zh-CN,zh;q=0.8,en;q=0.6',
  'cookie' => 'PHPSESSID=dpierp6mkmq9vpejmqc7hsqfq6; keeplogin=1%7C86400%7C1503391541%7C6d77141f6ce9eeffb7b378c78dbe0972; Hm_lvt_f8d0a8c400404989e195270b0bbf060a=1503305287; Hm_lpvt_f8d0a8c400404989e195270b0bbf060a=1503305303',
)
[ info ] [ PARAM ] array (
  'sort' => 'id',
  'order' => 'desc',
  'offset' => '0',
  'limit' => '10',
  '_' => '1503305363474',
)
[ info ] [ LANG ] D:\www\htdocs\fastadmin\public/../application/admin\lang\zh-cn.php
[ info ] [ BEHAVIOR ] Run app\common\behavior\Common @module_init [ RunTime:0.001000s ]
[ info ] [ SESSION ] INIT array (
  'id' => '',
  'var_session_id' => '',
  'prefix' => 'think',
  'type' => '',
  'auto_start' => true,
)
[ info ] [ DB ] INIT mysql
[ info ] [ LANG ] D:\www\htdocs\fastadmin\public/../application/admin/lang/zh-cn/general/profile.php
[ info ] [ RUN ] app\admin\controller\general\Profile->index[ D:\www\htdocs\fastadmin\application\admin\controller\general\Profile.php ]
[ info ] [ BEHAVIOR ] Run app\admin\behavior\AdminLog @app_end [ RunTime:0.000000s ]
[ info ] [ LOG ] INIT File
[ sql ] [ DB ] CONNECT:[ UseTime:0.002000s ] mysql:dbname=fastadmin;host=localhost;charset=utf8
[ sql ] [ SQL ] SHOW COLUMNS FROM `fa_auth_group_access` [ RunTime:0.011001s ]
[ sql ] [ SQL ] SELECT `AuthGroupAccess`.`uid`,`AuthGroupAccess`.`group_id`,`AuthGroup`.`id`,`AuthGroup`.`pid`,`AuthGroup`.`name`,`AuthGroup`.`rules` FROM `fa_auth_group_access` `AuthGroupAccess` LEFT JOIN `fa_auth_group` `AuthGroup` ON `AuthGroupAccess`.`group_id`=`AuthGroup`.`id` WHERE  (  AuthGroupAccess.uid='1' and AuthGroup.status='normal' ) [ RunTime:0.001000s ]
[ sql ] [ SQL ] SHOW COLUMNS FROM `fa_auth_rule` [ RunTime:0.011001s ]
[ sql ] [ SQL ] SELECT `id`,`pid`,`condition`,`icon`,`name`,`title`,`ismenu` FROM `fa_auth_rule` WHERE  `status` = 'normal' [ RunTime:0.001000s ]
[ sql ] [ SQL ] SHOW COLUMNS FROM `fa_admin_log` [ RunTime:0.010000s ]
[ sql ] [ SQL ] SELECT COUNT(*) AS tp_count FROM `fa_admin_log` WHERE  `admin_id` = 1 ORDER BY `id`  desc LIMIT 1 [ RunTime:0.000000s ]
[ sql ] [ SQL ] SELECT * FROM `fa_admin_log` WHERE  `admin_id` = 1 ORDER BY `id`  desc LIMIT 0,10 [ RunTime:0.001001s ]
---------------------------------------------------------------
[ 2017-08-21T16:49:50+08:00 ] ::1 ::1 GET /fastadmin/public/index.php/index/index/index
[ info ] localhost/fastadmin/public/index.php/index/index/index [运行时间：0.041002s][吞吐率：24.39req/s] [内存消耗：2,389.42kb] [文件加载：64]
[ info ] [ BEHAVIOR ] Run Closure @app_init [ RunTime:0.000000s ]
[ info ] [ CACHE ] INIT File
[ info ] [ BEHAVIOR ] Run Closure @app_init [ RunTime:0.003000s ]
[ info ] [ LANG ] D:\www\htdocs\fastadmin\thinkphp\lang\zh-cn.php
[ info ] [ ROUTE ] array (
  'type' => 'module',
  'module' => 
  array (
    0 => 'index',
    1 => 'index',
    2 => 'index',
  ),
)
[ info ] [ HEADER ] array (
  'host' => 'localhost',
  'connection' => 'keep-alive',
  'accept' => 'text/html,application/xhtml+xml,application/xml;q=0.9,image/webp,*/*;q=0.8',
  'upgrade-insecure-requests' => '1',
  'user-agent' => 'Mozilla/5.0 (Windows NT 6.1; WOW64) AppleWebKit/537.36 (KHTML, like Gecko) Chrome/50.0.2661.102 Safari/537.36',
  'referer' => 'http://localhost/fastadmin/public/index.php/admin/general/profile?ref=addtabs',
  'accept-encoding' => 'gzip, deflate, sdch',
  'accept-language' => 'zh-CN,zh;q=0.8,en;q=0.6',
  'cookie' => 'PHPSESSID=dpierp6mkmq9vpejmqc7hsqfq6; keeplogin=1%7C86400%7C1503391541%7C6d77141f6ce9eeffb7b378c78dbe0972; Hm_lvt_f8d0a8c400404989e195270b0bbf060a=1503305287; Hm_lpvt_f8d0a8c400404989e195270b0bbf060a=1503305303',
)
[ info ] [ PARAM ] array (
)
[ info ] [ LANG ] D:\www\htdocs\fastadmin\public/../application/index\lang\zh-cn.php
[ info ] [ BEHAVIOR ] Run app\common\behavior\Common @module_init [ RunTime:0.001000s ]
[ info ] [ LANG ] D:\www\htdocs\fastadmin\public/../application/index/lang/zh-cn/index.php
[ info ] [ RUN ] app\index\controller\Index->index[ D:\www\htdocs\fastadmin\application\index\controller\Index.php ]
[ info ] [ VIEW ] D:\www\htdocs\fastadmin\public/../application/index\view\index\index.html [ array (
  0 => 'site',
  1 => 'config',
) ]
[ info ] [ LOG ] INIT File
---------------------------------------------------------------
[ 2017-08-21T16:52:21+08:00 ] ::1 ::1 GET /fastadmin/public/index.php/index/index/index
[ info ] localhost/fastadmin/public/index.php/index/index/index [运行时间：0.039002s][吞吐率：25.64req/s] [内存消耗：2,229.70kb] [文件加载：62]
[ info ] [ BEHAVIOR ] Run Closure @app_init [ RunTime:0.000000s ]
[ info ] [ CACHE ] INIT File
[ info ] [ BEHAVIOR ] Run Closure @app_init [ RunTime:0.003000s ]
[ info ] [ LANG ] D:\www\htdocs\fastadmin\thinkphp\lang\zh-cn.php
[ info ] [ ROUTE ] array (
  'type' => 'module',
  'module' => 
  array (
    0 => 'index',
    1 => 'index',
    2 => 'index',
  ),
)
[ info ] [ HEADER ] array (
  'host' => 'localhost',
  'connection' => 'keep-alive',
  'cache-control' => 'max-age=0',
  'accept' => 'text/html,application/xhtml+xml,application/xml;q=0.9,image/webp,*/*;q=0.8',
  'upgrade-insecure-requests' => '1',
  'user-agent' => 'Mozilla/5.0 (Windows NT 6.1; WOW64) AppleWebKit/537.36 (KHTML, like Gecko) Chrome/50.0.2661.102 Safari/537.36',
  'referer' => 'http://localhost/fastadmin/public/index.php/admin/general/profile?ref=addtabs',
  'accept-encoding' => 'gzip, deflate, sdch',
  'accept-language' => 'zh-CN,zh;q=0.8,en;q=0.6',
  'cookie' => 'PHPSESSID=dpierp6mkmq9vpejmqc7hsqfq6; keeplogin=1%7C86400%7C1503391541%7C6d77141f6ce9eeffb7b378c78dbe0972; Hm_lvt_f8d0a8c400404989e195270b0bbf060a=1503305287; Hm_lpvt_f8d0a8c400404989e195270b0bbf060a=1503305518',
)
[ info ] [ PARAM ] array (
)
[ info ] [ LANG ] D:\www\htdocs\fastadmin\public/../application/index\lang\zh-cn.php
[ info ] [ BEHAVIOR ] Run app\common\behavior\Common @module_init [ RunTime:0.001000s ]
[ info ] [ LANG ] D:\www\htdocs\fastadmin\public/../application/index/lang/zh-cn/index.php
[ info ] [ RUN ] app\index\controller\Index->index[ D:\www\htdocs\fastadmin\application\index\controller\Index.php ]
[ info ] [ VIEW ] D:\www\htdocs\fastadmin\public/../application/index\view\index\index.html [ array (
  0 => 'site',
  1 => 'config',
) ]
[ info ] [ LOG ] INIT File
---------------------------------------------------------------
[ 2017-08-21T16:52:30+08:00 ] ::1 ::1 GET /fastadmin/public/index.php/admin/category?addtabs=1
[ info ] localhost/fastadmin/public/index.php/admin/category?addtabs=1 [运行时间：0.191011s][吞吐率：5.24req/s] [内存消耗：3,640.65kb] [文件加载：80]
[ info ] [ BEHAVIOR ] Run Closure @app_init [ RunTime:0.000000s ]
[ info ] [ CACHE ] INIT File
[ info ] [ BEHAVIOR ] Run Closure @app_init [ RunTime:0.003000s ]
[ info ] [ LANG ] D:\www\htdocs\fastadmin\thinkphp\lang\zh-cn.php
[ info ] [ ROUTE ] array (
  'type' => 'module',
  'module' => 
  array (
    0 => 'admin',
    1 => 'category',
    2 => NULL,
  ),
)
[ info ] [ HEADER ] array (
  'host' => 'localhost',
  'connection' => 'keep-alive',
  'accept' => 'text/html,application/xhtml+xml,application/xml;q=0.9,image/webp,*/*;q=0.8',
  'upgrade-insecure-requests' => '1',
  'user-agent' => 'Mozilla/5.0 (Windows NT 6.1; WOW64) AppleWebKit/537.36 (KHTML, like Gecko) Chrome/50.0.2661.102 Safari/537.36',
  'referer' => 'http://localhost/fastadmin/public/index.php/admin/category?ref=addtabs',
  'accept-encoding' => 'gzip, deflate, sdch',
  'accept-language' => 'zh-CN,zh;q=0.8,en;q=0.6',
  'cookie' => 'PHPSESSID=dpierp6mkmq9vpejmqc7hsqfq6; keeplogin=1%7C86400%7C1503391541%7C6d77141f6ce9eeffb7b378c78dbe0972; Hm_lvt_f8d0a8c400404989e195270b0bbf060a=1503305287; Hm_lpvt_f8d0a8c400404989e195270b0bbf060a=1503305543',
)
[ info ] [ PARAM ] array (
  'addtabs' => '1',
)
[ info ] [ LANG ] D:\www\htdocs\fastadmin\public/../application/admin\lang\zh-cn.php
[ info ] [ BEHAVIOR ] Run app\common\behavior\Common @module_init [ RunTime:0.001000s ]
[ info ] [ SESSION ] INIT array (
  'id' => '',
  'var_session_id' => '',
  'prefix' => 'think',
  'type' => '',
  'auto_start' => true,
)
[ info ] [ DB ] INIT mysql
[ info ] [ LANG ] D:\www\htdocs\fastadmin\public/../application/admin/lang/zh-cn/category.php
[ info ] [ RUN ] app\admin\controller\Category->index[ D:\www\htdocs\fastadmin\application\admin\controller\Category.php ]
[ info ] [ VIEW ] D:\www\htdocs\fastadmin\public/../application/admin\view\category\index.html [ array (
  0 => 'breadcrumb',
  1 => 'site',
  2 => 'config',
  3 => 'admin',
  4 => 'flagList',
  5 => 'typeList',
  6 => 'parentList',
) ]
[ info ] [ BEHAVIOR ] Run app\admin\behavior\AdminLog @app_end [ RunTime:0.000000s ]
[ info ] [ LOG ] INIT File
[ sql ] [ DB ] CONNECT:[ UseTime:0.024002s ] mysql:dbname=fastadmin;host=localhost;charset=utf8
[ sql ] [ SQL ] SHOW COLUMNS FROM `fa_auth_group_access` [ RunTime:0.071004s ]
[ sql ] [ SQL ] SELECT `AuthGroupAccess`.`uid`,`AuthGroupAccess`.`group_id`,`AuthGroup`.`id`,`AuthGroup`.`pid`,`AuthGroup`.`name`,`AuthGroup`.`rules` FROM `fa_auth_group_access` `AuthGroupAccess` LEFT JOIN `fa_auth_group` `AuthGroup` ON `AuthGroupAccess`.`group_id`=`AuthGroup`.`id` WHERE  (  AuthGroupAccess.uid='1' and AuthGroup.status='normal' ) [ RunTime:0.001000s ]
[ sql ] [ SQL ] SHOW COLUMNS FROM `fa_auth_rule` [ RunTime:0.007000s ]
[ sql ] [ SQL ] SELECT `id`,`pid`,`condition`,`icon`,`name`,`title`,`ismenu` FROM `fa_auth_rule` WHERE  `status` = 'normal' [ RunTime:0.001000s ]
[ sql ] [ SQL ] SHOW COLUMNS FROM `fa_category` [ RunTime:0.006001s ]
[ sql ] [ SQL ] SELECT * FROM `fa_category` ORDER BY weigh desc,id desc [ RunTime:0.001000s ]
[ sql ] [ SQL ] SELECT `title`,`remark` FROM `fa_auth_rule` WHERE  `name` = '/admin/category' LIMIT 1 [ RunTime:0.002000s ]
---------------------------------------------------------------
[ 2017-08-21T16:52:30+08:00 ] ::1 ::1 GET /fastadmin/public/index.php/admin/ajax/lang?callback=define&controllername=category&v=1503305550
[ info ] localhost/fastadmin/public/index.php/admin/ajax/lang?callback=define&controllername=category&v=1503305550 [运行时间：0.076004s][吞吐率：13.16req/s] [内存消耗：2,514.68kb] [文件加载：69]
[ info ] [ BEHAVIOR ] Run Closure @app_init [ RunTime:0.000000s ]
[ info ] [ CACHE ] INIT File
[ info ] [ BEHAVIOR ] Run Closure @app_init [ RunTime:0.002000s ]
[ info ] [ LANG ] D:\www\htdocs\fastadmin\thinkphp\lang\zh-cn.php
[ info ] [ ROUTE ] array (
  'type' => 'module',
  'module' => 
  array (
    0 => 'admin',
    1 => 'ajax',
    2 => 'lang',
  ),
)
[ info ] [ HEADER ] array (
  'host' => 'localhost',
  'connection' => 'keep-alive',
  'accept' => '*/*',
  'user-agent' => 'Mozilla/5.0 (Windows NT 6.1; WOW64) AppleWebKit/537.36 (KHTML, like Gecko) Chrome/50.0.2661.102 Safari/537.36',
  'referer' => 'http://localhost/fastadmin/public/index.php/admin/category?addtabs=1',
  'accept-encoding' => 'gzip, deflate, sdch',
  'accept-language' => 'zh-CN,zh;q=0.8,en;q=0.6',
  'cookie' => 'PHPSESSID=dpierp6mkmq9vpejmqc7hsqfq6; keeplogin=1%7C86400%7C1503391541%7C6d77141f6ce9eeffb7b378c78dbe0972; Hm_lvt_f8d0a8c400404989e195270b0bbf060a=1503305287; Hm_lpvt_f8d0a8c400404989e195270b0bbf060a=1503305543',
)
[ info ] [ PARAM ] array (
  'callback' => 'define',
  'controllername' => 'category',
  'v' => '1503305550',
)
[ info ] [ LANG ] D:\www\htdocs\fastadmin\public/../application/admin\lang\zh-cn.php
[ info ] [ BEHAVIOR ] Run app\common\behavior\Common @module_init [ RunTime:0.001000s ]
[ info ] [ SESSION ] INIT array (
  'id' => '',
  'var_session_id' => '',
  'prefix' => 'think',
  'type' => '',
  'auto_start' => true,
)
[ info ] [ RUN ] app\admin\controller\Ajax->lang[ D:\www\htdocs\fastadmin\application\admin\controller\Ajax.php ]
[ info ] [ LANG ] D:\www\htdocs\fastadmin\public/../application/admin/lang/zh-cn/category.php
[ info ] [ BEHAVIOR ] Run app\admin\behavior\AdminLog @app_end [ RunTime:0.000000s ]
[ info ] [ LOG ] INIT File
---------------------------------------------------------------
[ 2017-08-21T16:52:30+08:00 ] ::1 ::1 GET /fastadmin/public/index.php/admin/category/index?sort=weigh&order=desc&offset=0&limit=10&filter=%7B%7D&op=%7B%7D&_=1503305550380
[ info ] localhost/fastadmin/public/index.php/admin/category/index?sort=weigh&order=desc&offset=0&limit=10&filter=%7B%7D&op=%7B%7D&_=1503305550380 [运行时间：0.091005s][吞吐率：10.99req/s] [内存消耗：3,570.70kb] [文件加载：78]
[ info ] [ BEHAVIOR ] Run Closure @app_init [ RunTime:0.000000s ]
[ info ] [ CACHE ] INIT File
[ info ] [ BEHAVIOR ] Run Closure @app_init [ RunTime:0.002000s ]
[ info ] [ LANG ] D:\www\htdocs\fastadmin\thinkphp\lang\zh-cn.php
[ info ] [ ROUTE ] array (
  'type' => 'module',
  'module' => 
  array (
    0 => 'admin',
    1 => 'category',
    2 => 'index',
  ),
)
[ info ] [ HEADER ] array (
  'host' => 'localhost',
  'connection' => 'keep-alive',
  'accept' => 'application/json, text/javascript, */*; q=0.01',
  'x-requested-with' => 'XMLHttpRequest',
  'user-agent' => 'Mozilla/5.0 (Windows NT 6.1; WOW64) AppleWebKit/537.36 (KHTML, like Gecko) Chrome/50.0.2661.102 Safari/537.36',
  'content-type' => 'application/json',
  'referer' => 'http://localhost/fastadmin/public/index.php/admin/category?addtabs=1',
  'accept-encoding' => 'gzip, deflate, sdch',
  'accept-language' => 'zh-CN,zh;q=0.8,en;q=0.6',
  'cookie' => 'PHPSESSID=dpierp6mkmq9vpejmqc7hsqfq6; keeplogin=1%7C86400%7C1503391541%7C6d77141f6ce9eeffb7b378c78dbe0972; Hm_lvt_f8d0a8c400404989e195270b0bbf060a=1503305287; Hm_lpvt_f8d0a8c400404989e195270b0bbf060a=1503305543',
)
[ info ] [ PARAM ] array (
  'sort' => 'weigh',
  'order' => 'desc',
  'offset' => '0',
  'limit' => '10',
  'filter' => '{}',
  'op' => '{}',
  '_' => '1503305550380',
)
[ info ] [ LANG ] D:\www\htdocs\fastadmin\public/../application/admin\lang\zh-cn.php
[ info ] [ BEHAVIOR ] Run app\common\behavior\Common @module_init [ RunTime:0.001000s ]
[ info ] [ SESSION ] INIT array (
  'id' => '',
  'var_session_id' => '',
  'prefix' => 'think',
  'type' => '',
  'auto_start' => true,
)
[ info ] [ DB ] INIT mysql
[ info ] [ LANG ] D:\www\htdocs\fastadmin\public/../application/admin/lang/zh-cn/category.php
[ info ] [ RUN ] app\admin\controller\Category->index[ D:\www\htdocs\fastadmin\application\admin\controller\Category.php ]
[ info ] [ BEHAVIOR ] Run app\admin\behavior\AdminLog @app_end [ RunTime:0.000000s ]
[ info ] [ LOG ] INIT File
[ sql ] [ DB ] CONNECT:[ UseTime:0.002000s ] mysql:dbname=fastadmin;host=localhost;charset=utf8
[ sql ] [ SQL ] SHOW COLUMNS FROM `fa_auth_group_access` [ RunTime:0.009001s ]
[ sql ] [ SQL ] SELECT `AuthGroupAccess`.`uid`,`AuthGroupAccess`.`group_id`,`AuthGroup`.`id`,`AuthGroup`.`pid`,`AuthGroup`.`name`,`AuthGroup`.`rules` FROM `fa_auth_group_access` `AuthGroupAccess` LEFT JOIN `fa_auth_group` `AuthGroup` ON `AuthGroupAccess`.`group_id`=`AuthGroup`.`id` WHERE  (  AuthGroupAccess.uid='1' and AuthGroup.status='normal' ) [ RunTime:0.000000s ]
[ sql ] [ SQL ] SHOW COLUMNS FROM `fa_auth_rule` [ RunTime:0.006000s ]
[ sql ] [ SQL ] SELECT `id`,`pid`,`condition`,`icon`,`name`,`title`,`ismenu` FROM `fa_auth_rule` WHERE  `status` = 'normal' [ RunTime:0.001000s ]
[ sql ] [ SQL ] SHOW COLUMNS FROM `fa_category` [ RunTime:0.006001s ]
[ sql ] [ SQL ] SELECT * FROM `fa_category` ORDER BY weigh desc,id desc [ RunTime:0.000000s ]
---------------------------------------------------------------
[ 2017-08-21T16:55:38+08:00 ] ::1 ::1 GET /fastadmin/public/index.php/admin/addon?addtabs=1
[ info ] localhost/fastadmin/public/index.php/admin/addon?addtabs=1 [运行时间：0.086005s][吞吐率：11.63req/s] [内存消耗：3,512.95kb] [文件加载：79]
[ info ] [ BEHAVIOR ] Run Closure @app_init [ RunTime:0.000000s ]
[ info ] [ CACHE ] INIT File
[ info ] [ BEHAVIOR ] Run Closure @app_init [ RunTime:0.002000s ]
[ info ] [ LANG ] D:\www\htdocs\fastadmin\thinkphp\lang\zh-cn.php
[ info ] [ ROUTE ] array (
  'type' => 'module',
  'module' => 
  array (
    0 => 'admin',
    1 => 'addon',
    2 => NULL,
  ),
)
[ info ] [ HEADER ] array (
  'host' => 'localhost',
  'connection' => 'keep-alive',
  'accept' => 'text/html,application/xhtml+xml,application/xml;q=0.9,image/webp,*/*;q=0.8',
  'upgrade-insecure-requests' => '1',
  'user-agent' => 'Mozilla/5.0 (Windows NT 6.1; WOW64) AppleWebKit/537.36 (KHTML, like Gecko) Chrome/50.0.2661.102 Safari/537.36',
  'referer' => 'http://localhost/fastadmin/public/index.php/admin/addon?ref=addtabs',
  'accept-encoding' => 'gzip, deflate, sdch',
  'accept-language' => 'zh-CN,zh;q=0.8,en;q=0.6',
  'cookie' => 'PHPSESSID=dpierp6mkmq9vpejmqc7hsqfq6; keeplogin=1%7C86400%7C1503391541%7C6d77141f6ce9eeffb7b378c78dbe0972; Hm_lvt_f8d0a8c400404989e195270b0bbf060a=1503305287; Hm_lpvt_f8d0a8c400404989e195270b0bbf060a=1503305543',
)
[ info ] [ PARAM ] array (
  'addtabs' => '1',
)
[ info ] [ LANG ] D:\www\htdocs\fastadmin\public/../application/admin\lang\zh-cn.php
[ info ] [ BEHAVIOR ] Run app\common\behavior\Common @module_init [ RunTime:0.001000s ]
[ info ] [ SESSION ] INIT array (
  'id' => '',
  'var_session_id' => '',
  'prefix' => 'think',
  'type' => '',
  'auto_start' => true,
)
[ info ] [ DB ] INIT mysql
[ info ] [ LANG ] D:\www\htdocs\fastadmin\public/../application/admin/lang/zh-cn/addon.php
[ info ] [ RUN ] app\admin\controller\Addon->index[ D:\www\htdocs\fastadmin\application\admin\controller\Addon.php ]
[ info ] [ VIEW ] D:\www\htdocs\fastadmin\public/../application/admin\view\addon\index.html [ array (
  0 => 'breadcrumb',
  1 => 'site',
  2 => 'config',
  3 => 'admin',
) ]
[ info ] [ BEHAVIOR ] Run app\admin\behavior\AdminLog @app_end [ RunTime:0.001000s ]
[ info ] [ LOG ] INIT File
[ sql ] [ DB ] CONNECT:[ UseTime:0.002001s ] mysql:dbname=fastadmin;host=localhost;charset=utf8
[ sql ] [ SQL ] SHOW COLUMNS FROM `fa_auth_group_access` [ RunTime:0.006000s ]
[ sql ] [ SQL ] SELECT `AuthGroupAccess`.`uid`,`AuthGroupAccess`.`group_id`,`AuthGroup`.`id`,`AuthGroup`.`pid`,`AuthGroup`.`name`,`AuthGroup`.`rules` FROM `fa_auth_group_access` `AuthGroupAccess` LEFT JOIN `fa_auth_group` `AuthGroup` ON `AuthGroupAccess`.`group_id`=`AuthGroup`.`id` WHERE  (  AuthGroupAccess.uid='1' and AuthGroup.status='normal' ) [ RunTime:0.000000s ]
[ sql ] [ SQL ] SHOW COLUMNS FROM `fa_auth_rule` [ RunTime:0.008000s ]
[ sql ] [ SQL ] SELECT `id`,`pid`,`condition`,`icon`,`name`,`title`,`ismenu` FROM `fa_auth_rule` WHERE  `status` = 'normal' [ RunTime:0.000000s ]
[ sql ] [ SQL ] SELECT `title`,`remark` FROM `fa_auth_rule` WHERE  `name` = '/admin/addon' LIMIT 1 [ RunTime:0.000000s ]
---------------------------------------------------------------
[ 2017-08-21T16:55:38+08:00 ] ::1 ::1 GET /fastadmin/public/index.php/admin/ajax/lang?callback=define&controllername=addon&v=1503305738
[ info ] localhost/fastadmin/public/index.php/admin/ajax/lang?callback=define&controllername=addon&v=1503305738 [运行时间：0.039002s][吞吐率：25.64req/s] [内存消耗：2,514.31kb] [文件加载：69]
[ info ] [ BEHAVIOR ] Run Closure @app_init [ RunTime:0.000000s ]
[ info ] [ CACHE ] INIT File
[ info ] [ BEHAVIOR ] Run Closure @app_init [ RunTime:0.002000s ]
[ info ] [ LANG ] D:\www\htdocs\fastadmin\thinkphp\lang\zh-cn.php
[ info ] [ ROUTE ] array (
  'type' => 'module',
  'module' => 
  array (
    0 => 'admin',
    1 => 'ajax',
    2 => 'lang',
  ),
)
[ info ] [ HEADER ] array (
  'host' => 'localhost',
  'connection' => 'keep-alive',
  'accept' => '*/*',
  'user-agent' => 'Mozilla/5.0 (Windows NT 6.1; WOW64) AppleWebKit/537.36 (KHTML, like Gecko) Chrome/50.0.2661.102 Safari/537.36',
  'referer' => 'http://localhost/fastadmin/public/index.php/admin/addon?addtabs=1',
  'accept-encoding' => 'gzip, deflate, sdch',
  'accept-language' => 'zh-CN,zh;q=0.8,en;q=0.6',
  'cookie' => 'PHPSESSID=dpierp6mkmq9vpejmqc7hsqfq6; keeplogin=1%7C86400%7C1503391541%7C6d77141f6ce9eeffb7b378c78dbe0972; Hm_lvt_f8d0a8c400404989e195270b0bbf060a=1503305287; Hm_lpvt_f8d0a8c400404989e195270b0bbf060a=1503305543',
)
[ info ] [ PARAM ] array (
  'callback' => 'define',
  'controllername' => 'addon',
  'v' => '1503305738',
)
[ info ] [ LANG ] D:\www\htdocs\fastadmin\public/../application/admin\lang\zh-cn.php
[ info ] [ BEHAVIOR ] Run app\common\behavior\Common @module_init [ RunTime:0.000000s ]
[ info ] [ SESSION ] INIT array (
  'id' => '',
  'var_session_id' => '',
  'prefix' => 'think',
  'type' => '',
  'auto_start' => true,
)
[ info ] [ RUN ] app\admin\controller\Ajax->lang[ D:\www\htdocs\fastadmin\application\admin\controller\Ajax.php ]
[ info ] [ LANG ] D:\www\htdocs\fastadmin\public/../application/admin/lang/zh-cn/addon.php
[ info ] [ BEHAVIOR ] Run app\admin\behavior\AdminLog @app_end [ RunTime:0.001000s ]
[ info ] [ LOG ] INIT File
---------------------------------------------------------------
[ 2017-08-21T16:55:48+08:00 ] ::1 ::1 POST /fastadmin/public/index.php/admin/addon/refresh
[ info ] localhost/fastadmin/public/index.php/admin/addon/refresh [运行时间：0.430024s][吞吐率：2.33req/s] [内存消耗：3,517.10kb] [文件加载：81]
[ info ] [ BEHAVIOR ] Run Closure @app_init [ RunTime:0.000000s ]
[ info ] [ CACHE ] INIT File
[ info ] [ BEHAVIOR ] Run Closure @app_init [ RunTime:0.002000s ]
[ info ] [ LANG ] D:\www\htdocs\fastadmin\thinkphp\lang\zh-cn.php
[ info ] [ ROUTE ] array (
  'type' => 'module',
  'module' => 
  array (
    0 => 'admin',
    1 => 'addon',
    2 => 'refresh',
  ),
)
[ info ] [ HEADER ] array (
  'host' => 'localhost',
  'connection' => 'keep-alive',
  'content-length' => '0',
  'accept' => 'application/json, text/javascript, */*; q=0.01',
  'origin' => 'http://localhost',
  'x-requested-with' => 'XMLHttpRequest',
  'user-agent' => 'Mozilla/5.0 (Windows NT 6.1; WOW64) AppleWebKit/537.36 (KHTML, like Gecko) Chrome/50.0.2661.102 Safari/537.36',
  'referer' => 'http://localhost/fastadmin/public/index.php/admin/addon?addtabs=1',
  'accept-encoding' => 'gzip, deflate',
  'accept-language' => 'zh-CN,zh;q=0.8,en;q=0.6',
  'cookie' => 'PHPSESSID=dpierp6mkmq9vpejmqc7hsqfq6; keeplogin=1%7C86400%7C1503391541%7C6d77141f6ce9eeffb7b378c78dbe0972; Hm_lvt_f8d0a8c400404989e195270b0bbf060a=1503305287; Hm_lpvt_f8d0a8c400404989e195270b0bbf060a=1503305543',
)
[ info ] [ PARAM ] array (
)
[ info ] [ LANG ] D:\www\htdocs\fastadmin\public/../application/admin\lang\zh-cn.php
[ info ] [ BEHAVIOR ] Run app\common\behavior\Common @module_init [ RunTime:0.000000s ]
[ info ] [ SESSION ] INIT array (
  'id' => '',
  'var_session_id' => '',
  'prefix' => 'think',
  'type' => '',
  'auto_start' => true,
)
[ info ] [ DB ] INIT mysql
[ info ] [ LANG ] D:\www\htdocs\fastadmin\public/../application/admin/lang/zh-cn/addon.php
[ info ] [ RUN ] app\admin\controller\Addon->refresh[ D:\www\htdocs\fastadmin\application\admin\controller\Addon.php ]
[ info ] [ BEHAVIOR ] Run app\admin\behavior\AdminLog @app_end [ RunTime:0.345020s ]
[ info ] [ LOG ] INIT File
[ sql ] [ DB ] CONNECT:[ UseTime:0.006001s ] mysql:dbname=fastadmin;host=localhost;charset=utf8
[ sql ] [ SQL ] SHOW COLUMNS FROM `fa_auth_group_access` [ RunTime:0.007000s ]
[ sql ] [ SQL ] SELECT `AuthGroupAccess`.`uid`,`AuthGroupAccess`.`group_id`,`AuthGroup`.`id`,`AuthGroup`.`pid`,`AuthGroup`.`name`,`AuthGroup`.`rules` FROM `fa_auth_group_access` `AuthGroupAccess` LEFT JOIN `fa_auth_group` `AuthGroup` ON `AuthGroupAccess`.`group_id`=`AuthGroup`.`id` WHERE  (  AuthGroupAccess.uid='1' and AuthGroup.status='normal' ) [ RunTime:0.000000s ]
[ sql ] [ SQL ] SHOW COLUMNS FROM `fa_auth_rule` [ RunTime:0.004000s ]
[ sql ] [ SQL ] SELECT `id`,`pid`,`condition`,`icon`,`name`,`title`,`ismenu` FROM `fa_auth_rule` WHERE  `status` = 'normal' [ RunTime:0.001001s ]
[ sql ] [ SQL ] SHOW COLUMNS FROM `fa_admin_log` [ RunTime:0.004001s ]
[ sql ] [ SQL ] INSERT INTO `fa_admin_log` (`title` , `content` , `url` , `admin_id` , `username` , `useragent` , `ip` , `createtime`) VALUES ('插件管理 刷新' , '[]' , '/fastadmin/public/index.php/admin/addon/refresh' , 1 , 'admin' , 'Mozilla/5.0 (Windows NT 6.1; WOW64) AppleWebKit/537.36 (KHTML, like Gecko) Chrome/50.0.2661.102 Safari/537.36' , '0.0.0.0' , 1503305748) [ RunTime:0.339019s ]
---------------------------------------------------------------
[ 2017-08-21T16:55:52+08:00 ] ::1 ::1 POST /fastadmin/public/index.php/admin/addon/install
[ info ] localhost/fastadmin/public/index.php/admin/addon/install [运行时间：0.500028s][吞吐率：2.00req/s] [内存消耗：3,536.61kb] [文件加载：83]
[ info ] [ BEHAVIOR ] Run Closure @app_init [ RunTime:0.000000s ]
[ info ] [ CACHE ] INIT File
[ info ] [ BEHAVIOR ] Run Closure @app_init [ RunTime:0.002000s ]
[ info ] [ LANG ] D:\www\htdocs\fastadmin\thinkphp\lang\zh-cn.php
[ info ] [ ROUTE ] array (
  'type' => 'module',
  'module' => 
  array (
    0 => 'admin',
    1 => 'addon',
    2 => 'install',
  ),
)
[ info ] [ HEADER ] array (
  'host' => 'localhost',
  'connection' => 'keep-alive',
  'content-length' => '17',
  'accept' => 'application/json, text/javascript, */*; q=0.01',
  'origin' => 'http://localhost',
  'x-requested-with' => 'XMLHttpRequest',
  'user-agent' => 'Mozilla/5.0 (Windows NT 6.1; WOW64) AppleWebKit/537.36 (KHTML, like Gecko) Chrome/50.0.2661.102 Safari/537.36',
  'content-type' => 'application/x-www-form-urlencoded; charset=UTF-8',
  'referer' => 'http://localhost/fastadmin/public/index.php/admin/addon?addtabs=1',
  'accept-encoding' => 'gzip, deflate',
  'accept-language' => 'zh-CN,zh;q=0.8,en;q=0.6',
  'cookie' => 'PHPSESSID=dpierp6mkmq9vpejmqc7hsqfq6; keeplogin=1%7C86400%7C1503391541%7C6d77141f6ce9eeffb7b378c78dbe0972; Hm_lvt_f8d0a8c400404989e195270b0bbf060a=1503305287; Hm_lpvt_f8d0a8c400404989e195270b0bbf060a=1503305543',
)
[ info ] [ PARAM ] array (
  'name' => 'docs',
  'force' => '0',
)
[ info ] [ LANG ] D:\www\htdocs\fastadmin\public/../application/admin\lang\zh-cn.php
[ info ] [ BEHAVIOR ] Run app\common\behavior\Common @module_init [ RunTime:0.000000s ]
[ info ] [ SESSION ] INIT array (
  'id' => '',
  'var_session_id' => '',
  'prefix' => 'think',
  'type' => '',
  'auto_start' => true,
)
[ info ] [ DB ] INIT mysql
[ info ] [ LANG ] D:\www\htdocs\fastadmin\public/../application/admin/lang/zh-cn/addon.php
[ info ] [ RUN ] app\admin\controller\Addon->install[ D:\www\htdocs\fastadmin\application\admin\controller\Addon.php ]
[ info ] [ BEHAVIOR ] Run app\admin\behavior\AdminLog @app_end [ RunTime:0.284016s ]
[ info ] [ LOG ] INIT File
[ sql ] [ DB ] CONNECT:[ UseTime:0.004000s ] mysql:dbname=fastadmin;host=localhost;charset=utf8
[ sql ] [ SQL ] SHOW COLUMNS FROM `fa_auth_group_access` [ RunTime:0.015001s ]
[ sql ] [ SQL ] SELECT `AuthGroupAccess`.`uid`,`AuthGroupAccess`.`group_id`,`AuthGroup`.`id`,`AuthGroup`.`pid`,`AuthGroup`.`name`,`AuthGroup`.`rules` FROM `fa_auth_group_access` `AuthGroupAccess` LEFT JOIN `fa_auth_group` `AuthGroup` ON `AuthGroupAccess`.`group_id`=`AuthGroup`.`id` WHERE  (  AuthGroupAccess.uid='1' and AuthGroup.status='normal' ) [ RunTime:0.001000s ]
[ sql ] [ SQL ] SHOW COLUMNS FROM `fa_auth_rule` [ RunTime:0.008001s ]
[ sql ] [ SQL ] SELECT `id`,`pid`,`condition`,`icon`,`name`,`title`,`ismenu` FROM `fa_auth_rule` WHERE  `status` = 'normal' [ RunTime:0.000000s ]
[ sql ] [ SQL ] SHOW COLUMNS FROM `fa_admin_log` [ RunTime:0.007000s ]
[ sql ] [ SQL ] INSERT INTO `fa_admin_log` (`title` , `content` , `url` , `admin_id` , `username` , `useragent` , `ip` , `createtime`) VALUES ('插件管理 安装' , '{\"name\":\"docs\",\"force\":\"0\"}' , '/fastadmin/public/index.php/admin/addon/install' , 1 , 'admin' , 'Mozilla/5.0 (Windows NT 6.1; WOW64) AppleWebKit/537.36 (KHTML, like Gecko) Chrome/50.0.2661.102 Safari/537.36' , '0.0.0.0' , 1503305752) [ RunTime:0.276016s ]
---------------------------------------------------------------
[ 2017-08-21T16:56:22+08:00 ] ::1 ::1 POST /fastadmin/public/index.php/admin/addon/install
[ info ] localhost/fastadmin/public/index.php/admin/addon/install [运行时间：0.368021s][吞吐率：2.72req/s] [内存消耗：3,564.48kb] [文件加载：85]
[ info ] [ BEHAVIOR ] Run Closure @app_init [ RunTime:0.000000s ]
[ info ] [ CACHE ] INIT File
[ info ] [ BEHAVIOR ] Run Closure @app_init [ RunTime:0.004000s ]
[ info ] [ LANG ] D:\www\htdocs\fastadmin\thinkphp\lang\zh-cn.php
[ info ] [ ROUTE ] array (
  'type' => 'module',
  'module' => 
  array (
    0 => 'admin',
    1 => 'addon',
    2 => 'install',
  ),
)
[ info ] [ HEADER ] array (
  'host' => 'localhost',
  'connection' => 'keep-alive',
  'content-length' => '20',
  'accept' => 'application/json, text/javascript, */*; q=0.01',
  'origin' => 'http://localhost',
  'x-requested-with' => 'XMLHttpRequest',
  'user-agent' => 'Mozilla/5.0 (Windows NT 6.1; WOW64) AppleWebKit/537.36 (KHTML, like Gecko) Chrome/50.0.2661.102 Safari/537.36',
  'content-type' => 'application/x-www-form-urlencoded; charset=UTF-8',
  'referer' => 'http://localhost/fastadmin/public/index.php/admin/addon?addtabs=1',
  'accept-encoding' => 'gzip, deflate',
  'accept-language' => 'zh-CN,zh;q=0.8,en;q=0.6',
  'cookie' => 'PHPSESSID=dpierp6mkmq9vpejmqc7hsqfq6; keeplogin=1%7C86400%7C1503391541%7C6d77141f6ce9eeffb7b378c78dbe0972; Hm_lvt_f8d0a8c400404989e195270b0bbf060a=1503305287; Hm_lpvt_f8d0a8c400404989e195270b0bbf060a=1503305543',
)
[ info ] [ PARAM ] array (
  'name' => 'loginbg',
  'force' => '0',
)
[ info ] [ LANG ] D:\www\htdocs\fastadmin\public/../application/admin\lang\zh-cn.php
[ info ] [ BEHAVIOR ] Run app\common\behavior\Common @module_init [ RunTime:0.001001s ]
[ info ] [ SESSION ] INIT array (
  'id' => '',
  'var_session_id' => '',
  'prefix' => 'think',
  'type' => '',
  'auto_start' => true,
)
[ info ] [ DB ] INIT mysql
[ info ] [ LANG ] D:\www\htdocs\fastadmin\public/../application/admin/lang/zh-cn/addon.php
[ info ] [ RUN ] app\admin\controller\Addon->install[ D:\www\htdocs\fastadmin\application\admin\controller\Addon.php ]
[ info ] [ BEHAVIOR ] Run app\admin\behavior\AdminLog @app_end [ RunTime:0.050003s ]
[ info ] [ LOG ] INIT File
[ sql ] [ DB ] CONNECT:[ UseTime:0.001000s ] mysql:dbname=fastadmin;host=localhost;charset=utf8
[ sql ] [ SQL ] SHOW COLUMNS FROM `fa_auth_group_access` [ RunTime:0.007000s ]
[ sql ] [ SQL ] SELECT `AuthGroupAccess`.`uid`,`AuthGroupAccess`.`group_id`,`AuthGroup`.`id`,`AuthGroup`.`pid`,`AuthGroup`.`name`,`AuthGroup`.`rules` FROM `fa_auth_group_access` `AuthGroupAccess` LEFT JOIN `fa_auth_group` `AuthGroup` ON `AuthGroupAccess`.`group_id`=`AuthGroup`.`id` WHERE  (  AuthGroupAccess.uid='1' and AuthGroup.status='normal' ) [ RunTime:0.001000s ]
[ sql ] [ SQL ] SHOW COLUMNS FROM `fa_auth_rule` [ RunTime:0.008001s ]
[ sql ] [ SQL ] SELECT `id`,`pid`,`condition`,`icon`,`name`,`title`,`ismenu` FROM `fa_auth_rule` WHERE  `status` = 'normal' [ RunTime:0.000000s ]
[ sql ] [ SQL ] SHOW COLUMNS FROM `fa_admin_log` [ RunTime:0.004000s ]
[ sql ] [ SQL ] INSERT INTO `fa_admin_log` (`title` , `content` , `url` , `admin_id` , `username` , `useragent` , `ip` , `createtime`) VALUES ('插件管理 安装' , '{\"name\":\"loginbg\",\"force\":\"0\"}' , '/fastadmin/public/index.php/admin/addon/install' , 1 , 'admin' , 'Mozilla/5.0 (Windows NT 6.1; WOW64) AppleWebKit/537.36 (KHTML, like Gecko) Chrome/50.0.2661.102 Safari/537.36' , '0.0.0.0' , 1503305782) [ RunTime:0.045003s ]
---------------------------------------------------------------
[ 2017-08-21T16:56:25+08:00 ] ::1 ::1 GET /fastadmin/public/index.php/admin/addon/config?name=loginbg&dialog=1
[ info ] localhost/fastadmin/public/index.php/admin/addon/config?name=loginbg&dialog=1 [运行时间：0.091005s][吞吐率：10.99req/s] [内存消耗：3,574.33kb] [文件加载：83]
[ info ] [ BEHAVIOR ] Run Closure @app_init [ RunTime:0.000000s ]
[ info ] [ CACHE ] INIT File
[ info ] [ BEHAVIOR ] Run Closure @app_init [ RunTime:0.004001s ]
[ info ] [ LANG ] D:\www\htdocs\fastadmin\thinkphp\lang\zh-cn.php
[ info ] [ ROUTE ] array (
  'type' => 'module',
  'module' => 
  array (
    0 => 'admin',
    1 => 'addon',
    2 => 'config',
  ),
)
[ info ] [ HEADER ] array (
  'host' => 'localhost',
  'connection' => 'keep-alive',
  'accept' => 'text/html,application/xhtml+xml,application/xml;q=0.9,image/webp,*/*;q=0.8',
  'upgrade-insecure-requests' => '1',
  'user-agent' => 'Mozilla/5.0 (Windows NT 6.1; WOW64) AppleWebKit/537.36 (KHTML, like Gecko) Chrome/50.0.2661.102 Safari/537.36',
  'referer' => 'http://localhost/fastadmin/public/index.php/admin/addon?addtabs=1',
  'accept-encoding' => 'gzip, deflate, sdch',
  'accept-language' => 'zh-CN,zh;q=0.8,en;q=0.6',
  'cookie' => 'PHPSESSID=dpierp6mkmq9vpejmqc7hsqfq6; keeplogin=1%7C86400%7C1503391541%7C6d77141f6ce9eeffb7b378c78dbe0972; Hm_lvt_f8d0a8c400404989e195270b0bbf060a=1503305287; Hm_lpvt_f8d0a8c400404989e195270b0bbf060a=1503305543',
)
[ info ] [ PARAM ] array (
  'name' => 'loginbg',
  'dialog' => '1',
)
[ info ] [ LANG ] D:\www\htdocs\fastadmin\public/../application/admin\lang\zh-cn.php
[ info ] [ BEHAVIOR ] Run app\common\behavior\Common @module_init [ RunTime:0.001000s ]
[ info ] [ SESSION ] INIT array (
  'id' => '',
  'var_session_id' => '',
  'prefix' => 'think',
  'type' => '',
  'auto_start' => true,
)
[ info ] [ DB ] INIT mysql
[ info ] [ LANG ] D:\www\htdocs\fastadmin\public/../application/admin/lang/zh-cn/addon.php
[ info ] [ RUN ] app\admin\controller\Addon->config[ D:\www\htdocs\fastadmin\application\admin\controller\Addon.php ]
[ info ] [ VIEW ] D:\www\htdocs\fastadmin\public/../application/admin\view\addon\config.html [ array (
  0 => 'breadcrumb',
  1 => 'site',
  2 => 'config',
  3 => 'admin',
  4 => 'addon',
) ]
[ info ] [ BEHAVIOR ] Run app\admin\behavior\AdminLog @app_end [ RunTime:0.000000s ]
[ info ] [ LOG ] INIT File
[ sql ] [ DB ] CONNECT:[ UseTime:0.001000s ] mysql:dbname=fastadmin;host=localhost;charset=utf8
[ sql ] [ SQL ] SHOW COLUMNS FROM `fa_auth_group_access` [ RunTime:0.005001s ]
[ sql ] [ SQL ] SELECT `AuthGroupAccess`.`uid`,`AuthGroupAccess`.`group_id`,`AuthGroup`.`id`,`AuthGroup`.`pid`,`AuthGroup`.`name`,`AuthGroup`.`rules` FROM `fa_auth_group_access` `AuthGroupAccess` LEFT JOIN `fa_auth_group` `AuthGroup` ON `AuthGroupAccess`.`group_id`=`AuthGroup`.`id` WHERE  (  AuthGroupAccess.uid='1' and AuthGroup.status='normal' ) [ RunTime:0.001000s ]
[ sql ] [ SQL ] SHOW COLUMNS FROM `fa_auth_rule` [ RunTime:0.007000s ]
[ sql ] [ SQL ] SELECT `id`,`pid`,`condition`,`icon`,`name`,`title`,`ismenu` FROM `fa_auth_rule` WHERE  `status` = 'normal' [ RunTime:0.001001s ]
---------------------------------------------------------------
[ 2017-08-21T16:56:26+08:00 ] ::1 ::1 GET /fastadmin/public/index.php/admin/ajax/lang?callback=define&controllername=addon&v=1503305785
[ info ] localhost/fastadmin/public/index.php/admin/ajax/lang?callback=define&controllername=addon&v=1503305785 [运行时间：0.050002s][吞吐率：20.00req/s] [内存消耗：2,547.56kb] [文件加载：71]
[ info ] [ BEHAVIOR ] Run Closure @app_init [ RunTime:0.000000s ]
[ info ] [ CACHE ] INIT File
[ info ] [ BEHAVIOR ] Run Closure @app_init [ RunTime:0.013000s ]
[ info ] [ LANG ] D:\www\htdocs\fastadmin\thinkphp\lang\zh-cn.php
[ info ] [ ROUTE ] array (
  'type' => 'module',
  'module' => 
  array (
    0 => 'admin',
    1 => 'ajax',
    2 => 'lang',
  ),
)
[ info ] [ HEADER ] array (
  'host' => 'localhost',
  'connection' => 'keep-alive',
  'accept' => '*/*',
  'user-agent' => 'Mozilla/5.0 (Windows NT 6.1; WOW64) AppleWebKit/537.36 (KHTML, like Gecko) Chrome/50.0.2661.102 Safari/537.36',
  'referer' => 'http://localhost/fastadmin/public/index.php/admin/addon/config?name=loginbg&dialog=1',
  'accept-encoding' => 'gzip, deflate, sdch',
  'accept-language' => 'zh-CN,zh;q=0.8,en;q=0.6',
  'cookie' => 'PHPSESSID=dpierp6mkmq9vpejmqc7hsqfq6; keeplogin=1%7C86400%7C1503391541%7C6d77141f6ce9eeffb7b378c78dbe0972; Hm_lvt_f8d0a8c400404989e195270b0bbf060a=1503305287; Hm_lpvt_f8d0a8c400404989e195270b0bbf060a=1503305543',
)
[ info ] [ PARAM ] array (
  'callback' => 'define',
  'controllername' => 'addon',
  'v' => '1503305785',
)
[ info ] [ LANG ] D:\www\htdocs\fastadmin\public/../application/admin\lang\zh-cn.php
[ info ] [ BEHAVIOR ] Run app\common\behavior\Common @module_init [ RunTime:0.001000s ]
[ info ] [ SESSION ] INIT array (
  'id' => '',
  'var_session_id' => '',
  'prefix' => 'think',
  'type' => '',
  'auto_start' => true,
)
[ info ] [ RUN ] app\admin\controller\Ajax->lang[ D:\www\htdocs\fastadmin\application\admin\controller\Ajax.php ]
[ info ] [ LANG ] D:\www\htdocs\fastadmin\public/../application/admin/lang/zh-cn/addon.php
[ info ] [ BEHAVIOR ] Run app\admin\behavior\AdminLog @app_end [ RunTime:0.001000s ]
[ info ] [ LOG ] INIT File
---------------------------------------------------------------
[ 2017-08-21T16:56:38+08:00 ] ::1 ::1 POST /fastadmin/public/index.php/admin/addon/install
[ info ] localhost/fastadmin/public/index.php/admin/addon/install [运行时间：0.324019s][吞吐率：3.09req/s] [内存消耗：3,570.84kb] [文件加载：86]
[ info ] [ BEHAVIOR ] Run Closure @app_init [ RunTime:0.000000s ]
[ info ] [ CACHE ] INIT File
[ info ] [ BEHAVIOR ] Run Closure @app_init [ RunTime:0.013001s ]
[ info ] [ LANG ] D:\www\htdocs\fastadmin\thinkphp\lang\zh-cn.php
[ info ] [ ROUTE ] array (
  'type' => 'module',
  'module' => 
  array (
    0 => 'admin',
    1 => 'addon',
    2 => 'install',
  ),
)
[ info ] [ HEADER ] array (
  'host' => 'localhost',
  'connection' => 'keep-alive',
  'content-length' => '19',
  'accept' => 'application/json, text/javascript, */*; q=0.01',
  'origin' => 'http://localhost',
  'x-requested-with' => 'XMLHttpRequest',
  'user-agent' => 'Mozilla/5.0 (Windows NT 6.1; WOW64) AppleWebKit/537.36 (KHTML, like Gecko) Chrome/50.0.2661.102 Safari/537.36',
  'content-type' => 'application/x-www-form-urlencoded; charset=UTF-8',
  'referer' => 'http://localhost/fastadmin/public/index.php/admin/addon?addtabs=1',
  'accept-encoding' => 'gzip, deflate',
  'accept-language' => 'zh-CN,zh;q=0.8,en;q=0.6',
  'cookie' => 'PHPSESSID=dpierp6mkmq9vpejmqc7hsqfq6; keeplogin=1%7C86400%7C1503391541%7C6d77141f6ce9eeffb7b378c78dbe0972; Hm_lvt_f8d0a8c400404989e195270b0bbf060a=1503305287; Hm_lpvt_f8d0a8c400404989e195270b0bbf060a=1503305543',
)
[ info ] [ PARAM ] array (
  'name' => 'qrcode',
  'force' => '0',
)
[ info ] [ LANG ] D:\www\htdocs\fastadmin\public/../application/admin\lang\zh-cn.php
[ info ] [ BEHAVIOR ] Run app\common\behavior\Common @module_init [ RunTime:0.000000s ]
[ info ] [ SESSION ] INIT array (
  'id' => '',
  'var_session_id' => '',
  'prefix' => 'think',
  'type' => '',
  'auto_start' => true,
)
[ info ] [ DB ] INIT mysql
[ info ] [ LANG ] D:\www\htdocs\fastadmin\public/../application/admin/lang/zh-cn/addon.php
[ info ] [ RUN ] app\admin\controller\Addon->install[ D:\www\htdocs\fastadmin\application\admin\controller\Addon.php ]
[ info ] [ BEHAVIOR ] Run app\admin\behavior\AdminLog @app_end [ RunTime:0.061003s ]
[ info ] [ LOG ] INIT File
[ sql ] [ DB ] CONNECT:[ UseTime:0.002000s ] mysql:dbname=fastadmin;host=localhost;charset=utf8
[ sql ] [ SQL ] SHOW COLUMNS FROM `fa_auth_group_access` [ RunTime:0.019001s ]
[ sql ] [ SQL ] SELECT `AuthGroupAccess`.`uid`,`AuthGroupAccess`.`group_id`,`AuthGroup`.`id`,`AuthGroup`.`pid`,`AuthGroup`.`name`,`AuthGroup`.`rules` FROM `fa_auth_group_access` `AuthGroupAccess` LEFT JOIN `fa_auth_group` `AuthGroup` ON `AuthGroupAccess`.`group_id`=`AuthGroup`.`id` WHERE  (  AuthGroupAccess.uid='1' and AuthGroup.status='normal' ) [ RunTime:0.001000s ]
[ sql ] [ SQL ] SHOW COLUMNS FROM `fa_auth_rule` [ RunTime:0.012001s ]
[ sql ] [ SQL ] SELECT `id`,`pid`,`condition`,`icon`,`name`,`title`,`ismenu` FROM `fa_auth_rule` WHERE  `status` = 'normal' [ RunTime:0.001000s ]
[ sql ] [ SQL ] SHOW COLUMNS FROM `fa_admin_log` [ RunTime:0.007000s ]
[ sql ] [ SQL ] INSERT INTO `fa_admin_log` (`title` , `content` , `url` , `admin_id` , `username` , `useragent` , `ip` , `createtime`) VALUES ('插件管理 安装' , '{\"name\":\"qrcode\",\"force\":\"0\"}' , '/fastadmin/public/index.php/admin/addon/install' , 1 , 'admin' , 'Mozilla/5.0 (Windows NT 6.1; WOW64) AppleWebKit/537.36 (KHTML, like Gecko) Chrome/50.0.2661.102 Safari/537.36' , '0.0.0.0' , 1503305798) [ RunTime:0.053003s ]
