[ 2017-11-24T15:59:25+08:00 ][ info ] [ BEHAVIOR ] Run Closure @app_init [ RunTime:0.000000s ]
[ info ] [ LOG ] INIT File
[ 2017-11-24T15:59:25+08:00 ][ info ] [ CACHE ] INIT File
[ 2017-11-24T15:59:25+08:00 ][ info ] [ BEHAVIOR ] Run Closure @app_init [ RunTime:0.004001s ]
[ 2017-11-24T15:59:25+08:00 ][ info ] [ DB ] INIT mysql
[ 2017-11-24T15:59:25+08:00 ][ sql ] [ DB ] CONNECT:[ UseTime:0.013001s ] mysql:dbname=fastadmin;host=localhost;charset=utf8
[ 2017-11-24T15:59:25+08:00 ][ sql ] [ SQL ] SHOW TABLE STATUS LIKE 'article' [ RunTime:0.001000s ]
[ 2017-11-24T15:59:25+08:00 ][ sql ] [ SQL ] SHOW TABLE STATUS LIKE 'fa_article' [ RunTime:0.001000s ]
[ 2017-11-24T15:59:49+08:00 ][ info ] [ BEHAVIOR ] Run Closure @app_init [ RunTime:0.000000s ]
[ info ] [ LOG ] INIT File
[ 2017-11-24T15:59:49+08:00 ][ info ] [ CACHE ] INIT File
[ 2017-11-24T15:59:49+08:00 ][ info ] [ BEHAVIOR ] Run Closure @app_init [ RunTime:0.006000s ]
[ 2017-11-24T15:59:50+08:00 ][ info ] [ DB ] INIT mysql
[ 2017-11-24T15:59:50+08:00 ][ sql ] [ DB ] CONNECT:[ UseTime:0.009000s ] mysql:dbname=fastadmin;host=localhost;charset=utf8
[ 2017-11-24T15:59:50+08:00 ][ sql ] [ SQL ] SHOW TABLE STATUS LIKE 'article' [ RunTime:0.002000s ]
[ 2017-11-24T15:59:50+08:00 ][ sql ] [ SQL ] SHOW TABLE STATUS LIKE 'fa_article' [ RunTime:0.161009s ]
[ 2017-11-24T16:00:15+08:00 ][ info ] [ BEHAVIOR ] Run Closure @app_init [ RunTime:0.000000s ]
[ info ] [ LOG ] INIT File
[ 2017-11-24T16:00:15+08:00 ][ info ] [ CACHE ] INIT File
[ 2017-11-24T16:00:15+08:00 ][ info ] [ BEHAVIOR ] Run Closure @app_init [ RunTime:0.005000s ]
[ 2017-11-24T16:00:15+08:00 ][ info ] [ DB ] INIT mysql
[ 2017-11-24T16:00:15+08:00 ][ sql ] [ DB ] CONNECT:[ UseTime:0.006000s ] mysql:dbname=fastadmin;host=localhost;charset=utf8
[ 2017-11-24T16:00:15+08:00 ][ sql ] [ SQL ] SHOW TABLE STATUS LIKE 'article' [ RunTime:0.000000s ]
[ 2017-11-24T16:00:15+08:00 ][ sql ] [ SQL ] SHOW TABLE STATUS LIKE 'fa_article' [ RunTime:0.001000s ]
[ 2017-11-24T16:00:15+08:00 ][ sql ] [ SQL ] SELECT * FROM `information_schema`.`columns` WHERE TABLE_SCHEMA = 'fastadmin' AND table_name = 'fa_article' ORDER BY ORDINAL_POSITION [ RunTime:0.461027s ]
[ 2017-11-24T16:01:27+08:00 ][ info ] [ BEHAVIOR ] Run Closure @app_init [ RunTime:0.001000s ]
[ info ] [ LOG ] INIT File
[ 2017-11-24T16:01:27+08:00 ][ info ] [ CACHE ] INIT File
[ 2017-11-24T16:01:27+08:00 ][ info ] [ BEHAVIOR ] Run Closure @app_init [ RunTime:0.024002s ]
[ 2017-11-24T16:01:28+08:00 ][ info ] [ DB ] INIT mysql
[ 2017-11-24T16:01:28+08:00 ][ info ] [ LANG ] D:\www\htdocs\fastAdmin\application\admin\lang/zh-cn.php
[ 2017-11-24T16:01:28+08:00 ][ sql ] [ DB ] CONNECT:[ UseTime:0.025001s ] mysql:dbname=fastadmin;host=localhost;charset=utf8
[ 2017-11-24T16:01:28+08:00 ][ sql ] [ SQL ] SHOW COLUMNS FROM `fa_auth_rule` [ RunTime:0.010000s ]
[ 2017-11-24T16:01:28+08:00 ][ sql ] [ SQL ] SELECT * FROM `fa_auth_rule` WHERE  `name` = 'article' LIMIT 1 [ RunTime:0.003000s ]
[ 2017-11-24T16:01:28+08:00 ][ sql ] [ SQL ] INSERT INTO `fa_auth_rule` (`pid` , `name` , `title` , `icon` , `remark` , `ismenu` , `status` , `createtime` , `updatetime`) VALUES (0 , 'article' , '文章管理' , 'fa fa-circle-o\r' , '' , 1 , 'normal' , 1511510488 , 1511510488) [ RunTime:0.048002s ]
[ 2017-11-24T16:01:28+08:00 ][ sql ] [ SQL ] INSERT INTO `fa_auth_rule` (`pid` , `name` , `icon` , `title` , `ismenu` , `status` , `createtime` , `updatetime`) VALUES (74 , 'article/index' , 'fa fa-circle-o' , '查看' , 0 , 'normal' , 1511510488 , 1511510488) [ RunTime:0.003001s ]
[ 2017-11-24T16:01:28+08:00 ][ sql ] [ SQL ] INSERT INTO `fa_auth_rule` (`pid` , `name` , `icon` , `title` , `ismenu` , `status` , `createtime` , `updatetime`) VALUES (74 , 'article/add' , 'fa fa-circle-o' , '添加' , 0 , 'normal' , 1511510488 , 1511510488) [ RunTime:0.001000s ]
[ 2017-11-24T16:01:28+08:00 ][ sql ] [ SQL ] INSERT INTO `fa_auth_rule` (`pid` , `name` , `icon` , `title` , `ismenu` , `status` , `createtime` , `updatetime`) VALUES (74 , 'article/edit' , 'fa fa-circle-o' , '编辑' , 0 , 'normal' , 1511510488 , 1511510488) [ RunTime:0.000000s ]
[ 2017-11-24T16:01:28+08:00 ][ sql ] [ SQL ] INSERT INTO `fa_auth_rule` (`pid` , `name` , `icon` , `title` , `ismenu` , `status` , `createtime` , `updatetime`) VALUES (74 , 'article/del' , 'fa fa-circle-o' , '删除' , 0 , 'normal' , 1511510488 , 1511510488) [ RunTime:0.001000s ]
[ 2017-11-24T16:01:28+08:00 ][ sql ] [ SQL ] INSERT INTO `fa_auth_rule` (`pid` , `name` , `icon` , `title` , `ismenu` , `status` , `createtime` , `updatetime`) VALUES (74 , 'article/multi' , 'fa fa-circle-o' , '批量更新' , 0 , 'normal' , 1511510488 , 1511510488) [ RunTime:0.000000s ]
